<?xml version="1.0" encoding="UTF-8" ?>
<testsuites id="2025-10-16" name="report_1" tests="119" failures="18" skipped="0" flaky="0" time="0.000">
	<testsuite id="0" name="FieldCombatStageTests" package="Tests/Field" timestamp="2025-10-16T13:56:37" hostname="localhost" tests="4" failures="4" errors="0" skipped="0" flaky="0" time="0.085">
		<testcase name="Manifest_EntryForStageFive_UsesFieldCombatScene" classname="OmegaSpiral.Tests.Field.FieldCombatStageTests" time="0.030">
			<failure message="FAILED: res://Tests/Field/FieldCombatStageTests.cs:28" type="FAILURE">
<![CDATA[
Could not find a part of the path '/home/adam/Dev/omega-spiral/chapter-zero/.godot/Source/Data/manifest.json'.
]]>
			</failure>
		</testcase>
		<testcase name="StageMetadata_DefinesTitleSceneAndResourceHints" classname="OmegaSpiral.Tests.Field.FieldCombatStageTests" time="0.016">
			<failure message="FAILED: res://Tests/Field/FieldCombatStageTests.cs:43" type="FAILURE">
<![CDATA[
Expecting: 'True' but is 'False'
]]>
			</failure>
		</testcase>
		<testcase name="SceneFile_DoesNotReferenceLegacySrcPaths" classname="OmegaSpiral.Tests.Field.FieldCombatStageTests" time="0.000">
			<failure message="FAILED: res://Tests/Field/FieldCombatStageTests.cs:65" type="FAILURE">
<![CDATA[
Could not find a part of the path '/home/adam/Dev/omega-spiral/chapter-zero/.godot/Source/Scenes/Scene5FieldCombat.tscn'.
]]>
			</failure>
		</testcase>
		<testcase name="ProjectAutoloads_IncludeFieldAndCombatSingletons" classname="OmegaSpiral.Tests.Field.FieldCombatStageTests" time="0.001">
			<failure message="FAILED: res://Tests/Field/FieldCombatStageTests.cs:76" type="FAILURE">
<![CDATA[
Could not find file '/home/adam/Dev/omega-spiral/chapter-zero/.godot/project.godot'.
]]>
			</failure>
		</testcase>
	</testsuite>
	<testsuite id="1" name="NethackSceneTests" package="Tests/Dungeon" timestamp="2025-10-16T13:56:37" hostname="localhost" tests="23" failures="13" errors="0" skipped="0" flaky="0" time="0.109">
		<testcase name="LoadSchema_WhenValidSchemaProvided_LoadsThreeDistinctDungeonStages" classname="OmegaSpiral.Tests.Unit.Dungeon.NethackSceneTests" time="0.003">
			<failure message="FAILED: res://Tests/Dungeon/NethackSceneTests.cs:31" type="FAILURE">
<![CDATA[
Dungeon sequence JSON does not conform to the required schema.
]]>
			</failure>
		</testcase>
		<testcase name="LoadSchema_WhenValidSchemaProvided_AssignsUniqueOwnerValues" classname="OmegaSpiral.Tests.Unit.Dungeon.NethackSceneTests" time="0.002">
			<failure message="FAILED: res://Tests/Dungeon/NethackSceneTests.cs:51" type="FAILURE">
<![CDATA[
Dungeon sequence JSON does not conform to the required schema.
]]>
			</failure>
		</testcase>
		<testcase name="LoadSchema_WhenValidSchemaProvided_ValidatesMapDimensions" classname="OmegaSpiral.Tests.Unit.Dungeon.NethackSceneTests" time="0.001">
			<failure message="FAILED: res://Tests/Dungeon/NethackSceneTests.cs:72" type="FAILURE">
<![CDATA[
Dungeon sequence JSON does not conform to the required schema.
]]>
			</failure>
		</testcase>
		<testcase name="LoadSchema_WhenValidSchemaProvided_CorrectlyAlignsObjectGlyphs" classname="OmegaSpiral.Tests.Unit.Dungeon.NethackSceneTests" time="0.002">
			<failure message="FAILED: res://Tests/Dungeon/NethackSceneTests.cs:93" type="FAILURE">
<![CDATA[
Dungeon sequence JSON does not conform to the required schema.
]]>
			</failure>
		</testcase>
		<testcase name="LoadSchema_WhenDuplicateOwnersProvided_ThrowsDomainException" classname="OmegaSpiral.Tests.Unit.Dungeon.NethackSceneTests" time="0.041">
			<failure message="FAILED: res://Tests/Dungeon/NethackSceneTests.cs:118" type="FAILURE">
<![CDATA[
'GdUnit4.Asserts.ObjectAssert' does not contain a definition for 'Throws'
]]>
			</failure>
		</testcase>
		<testcase name="CreateSequence_WhenDuplicateOwnersProvided_PreventsAggregateCreation" classname="OmegaSpiral.Tests.Unit.Dungeon.NethackSceneTests" time="0.001">
			<failure message="FAILED: res://Tests/Dungeon/NethackSceneTests.cs:138" type="FAILURE">
<![CDATA[
'GdUnit4.Asserts.ObjectAssert' does not contain a definition for 'Throws'
]]>
			</failure>
		</testcase>
		<testcase name="LoadSchema_WhenValidSchemaProvided_MaintainsBalancedAffinityDistribution" classname="OmegaSpiral.Tests.Unit.Dungeon.NethackSceneTests" time="0.001">
			<failure message="FAILED: res://Tests/Dungeon/NethackSceneTests.cs:153" type="FAILURE">
<![CDATA[
Dungeon sequence JSON does not conform to the required schema.
]]>
			</failure>
		</testcase>
		<testcase name="Sequence_WhenStageBegins_PublishesDungeonStageEnteredEvent" classname="OmegaSpiral.Tests.Unit.Dungeon.NethackSceneTests" time="0.000">
		</testcase>
		<testcase name="StageEvent_WhenPublished_IncludesOwnerIdentifier" classname="OmegaSpiral.Tests.Unit.Dungeon.NethackSceneTests" time="0.000">
		</testcase>
		<testcase name="StageEvent_WhenPublished_IncludesStageIndex" classname="OmegaSpiral.Tests.Unit.Dungeon.NethackSceneTests" time="0.000">
		</testcase>
		<testcase name="StageEvent_WhenPublished_IncludesASCIIMapMetadata" classname="OmegaSpiral.Tests.Unit.Dungeon.NethackSceneTests" time="0.000">
		</testcase>
		<testcase name="ObjectInteraction_WhenOwnerAlignedObject_InteractsAndUpdatesAffinity" classname="OmegaSpiral.Tests.Unit.Dungeon.NethackSceneTests" time="0.021">
			<failure message="FAILED: res://Tests/Dungeon/NethackSceneTests.cs:237" type="FAILURE">
<![CDATA[
'GdUnit4.Asserts.ObjectAssert' does not contain a definition for 'IsEqualTo'
]]>
			</failure>
		</testcase>
		<testcase name="ObjectInteraction_WhenConfiguredPointsApplied_AppliesToCorrectDreamweaver" classname="OmegaSpiral.Tests.Unit.Dungeon.NethackSceneTests" time="0.002">
			<failure message="FAILED: res://Tests/Dungeon/NethackSceneTests.cs:258" type="FAILURE">
<![CDATA[
'GdUnit4.Asserts.ObjectAssert' does not contain a definition for 'IsEqualTo'
]]>
			</failure>
		</testcase>
		<testcase name="ObjectInteraction_WhenOccurs_RecordsInAffinityHistory" classname="OmegaSpiral.Tests.Unit.Dungeon.NethackSceneTests" time="0.001">
			<failure message="FAILED: res://Tests/Dungeon/NethackSceneTests.cs:279" type="FAILURE">
<![CDATA[
'GdUnit4.Asserts.ObjectAssert' does not contain a definition for 'IsEqualTo'
]]>
			</failure>
		</testcase>
		<testcase name="ObjectInteraction_WhenNonAlignedObject_LeavesAffinityUnchanged" classname="OmegaSpiral.Tests.Unit.Dungeon.NethackSceneTests" time="0.001">
			<failure message="FAILED: res://Tests/Dungeon/NethackSceneTests.cs:300" type="FAILURE">
<![CDATA[
'GdUnit4.Asserts.ObjectAssert' does not contain a definition for 'IsNotEqualTo'
]]>
			</failure>
		</testcase>
		<testcase name="StageProgression_WhenCurrentStageCompleted_AdvancesToNextStage" classname="OmegaSpiral.Tests.Unit.Dungeon.NethackSceneTests" time="0.000">
		</testcase>
		<testcase name="StageProgression_WhenSameSeedUsed_MaintainsConsistentSequenceOrder" classname="OmegaSpiral.Tests.Unit.Dungeon.NethackSceneTests" time="0.001">
			<failure message="FAILED: res://Tests/Dungeon/NethackSceneTests.cs:330" type="FAILURE">
<![CDATA[
Dungeon sequence JSON does not conform to the required schema.
]]>
			</failure>
		</testcase>
		<testcase name="StageProgression_WhenSameSeedUsed_GeneratesIdenticalLayouts" classname="OmegaSpiral.Tests.Unit.Dungeon.NethackSceneTests" time="0.001">
			<failure message="FAILED: res://Tests/Dungeon/NethackSceneTests.cs:351" type="FAILURE">
<![CDATA[
Dungeon sequence JSON does not conform to the required schema.
]]>
			</failure>
		</testcase>
		<testcase name="StageProgression_WhenProgressing_ReachesThirdStageWithoutSkipping" classname="OmegaSpiral.Tests.Unit.Dungeon.NethackSceneTests" time="0.000">
		</testcase>
		<testcase name="Movement_WhenInputReceived_HandlesMovementCorrectly" classname="OmegaSpiral.Tests.Unit.Dungeon.NethackSceneTests" time="0.000">
		</testcase>
		<testcase name="Movement_WhenCollisionDetected_PreventsWallWalking" classname="OmegaSpiral.Tests.Unit.Dungeon.NethackSceneTests" time="0.000">
		</testcase>
		<testcase name="Movement_WhenInvalidMoveAttempted_ProvidesFeedback" classname="OmegaSpiral.Tests.Unit.Dungeon.NethackSceneTests" time="0.000">
		</testcase>
		<testcase name="Gameplay_WhenObjectInteracted_ManagesAffinityUpdates" classname="OmegaSpiral.Tests.Unit.Dungeon.NethackSceneTests" time="0.000">
		</testcase>
	</testsuite>
	<testsuite id="2" name="ErrorHandlingTests" package="Tests/Narrative" timestamp="2025-10-16T13:56:37" hostname="localhost" tests="7" failures="0" errors="0" skipped="0" flaky="0" time="0.017">
		<testcase name="SubmitName_WithEmptyString_RejectsInput" classname="OmegaSpiral.Tests.Functional.Narrative.ErrorHandlingTests" time="0.003">
		</testcase>
		<testcase name="SubmitName_WithDisallowedSpecialCharacters_RejectsInput" classname="OmegaSpiral.Tests.Functional.Narrative.ErrorHandlingTests" time="0.002">
		</testcase>
		<testcase name="SubmitName_WithExcessiveLength_RejectsInput" classname="OmegaSpiral.Tests.Functional.Narrative.ErrorHandlingTests" time="0.000">
		</testcase>
		<testcase name="SubmitName_WithInvalidInput_DisplaysClearErrorMessage" classname="OmegaSpiral.Tests.Functional.Narrative.ErrorHandlingTests" time="0.000">
		</testcase>
		<testcase name="ProcessInput_WithRapidMashing_CompletesContentNormally" classname="OmegaSpiral.Tests.Functional.Narrative.ErrorHandlingTests" time="0.000">
		</testcase>
		<testcase name="ProcessInput_WithFiftyPlusRapidInputs_MaintainsConsistentState" classname="OmegaSpiral.Tests.Functional.Narrative.ErrorHandlingTests" time="0.001">
		</testcase>
		<testcase name="ProcessInput_WithInputSpam_AvoidsCrashes" classname="OmegaSpiral.Tests.Functional.Narrative.ErrorHandlingTests" time="0.002">
		</testcase>
	</testsuite>
	<testsuite id="3" name="DialogueFlowTests" package="Tests/Narrative" timestamp="2025-10-16T13:56:37" hostname="localhost" tests="56" failures="1" errors="0" skipped="0" flaky="0" time="0.143">
		<testcase name="BuildPlan_WhenShadowConfigLoaded_ConstructsOrderedCinematicBeats" classname="OmegaSpiral.Tests.Functional.Narrative.DialogueFlowTests" time="0.017">
		</testcase>
		<testcase name="InitializeNarrative_WhenLLMDisabled_LoadsFallbackDataSuccessfully" classname="OmegaSpiral.Tests.Functional.Narrative.DialogueFlowTests" time="0.001">
		</testcase>
		<testcase name="InitializeNarrative_WhenFallbackLoaded_PopulatesInitialChoiceOptions" classname="OmegaSpiral.Tests.Functional.Narrative.DialogueFlowTests" time="0.000">
		</testcase>
		<testcase name="InitializeNarrative_WhenFallbackUsed_IndicatesFallbackModeInState" classname="OmegaSpiral.Tests.Functional.Narrative.DialogueFlowTests" time="0.000">
		</testcase>
		<testcase name="PresentQuestions_WhenSequenceInitialized_PresentsThreeQuestionsInOrder" classname="OmegaSpiral.Tests.Functional.Narrative.DialogueFlowTests" time="0.000">
		</testcase>
		<testcase name="PresentQuestions_WhenSequenceStarted_DeliverFirstQuestionBeforeOthers" classname="OmegaSpiral.Tests.Functional.Narrative.DialogueFlowTests" time="0.004">
		</testcase>
		<testcase name="PresentQuestions_WhenFirstQuestionAnswered_DeliverSecondQuestion" classname="OmegaSpiral.Tests.Functional.Narrative.DialogueFlowTests" time="0.001">
		</testcase>
		<testcase name="PresentQuestions_WhenTwoQuestionsAnswered_DeliverThirdQuestion" classname="OmegaSpiral.Tests.Functional.Narrative.DialogueFlowTests" time="0.001">
		</testcase>
		<testcase name="DisplayPrompt_WhenPromptPresented_ProvidesExactlyThreeChoiceOptions" classname="OmegaSpiral.Tests.Functional.Narrative.DialogueFlowTests" time="0.000">
		</testcase>
		<testcase name="SelectChoice_WhenFirstOptionSelected_MapsToHeroAffinity" classname="OmegaSpiral.Tests.Functional.Narrative.DialogueFlowTests" time="0.001">
		</testcase>
		<testcase name="SelectChoice_WhenSecondOptionSelected_MapsToShadowAffinity" classname="OmegaSpiral.Tests.Functional.Narrative.DialogueFlowTests" time="0.001">
		</testcase>
		<testcase name="SelectChoice_WhenThirdOptionSelected_MapsToAmbitionAffinity" classname="OmegaSpiral.Tests.Functional.Narrative.DialogueFlowTests" time="0.000">
		</testcase>
		<testcase name="SelectOneStory_WhenOptionChosen_DisplaysStoryBlockSuccessfully" classname="OmegaSpiral.Tests.Functional.Narrative.DialogueFlowTests" time="0.000">
		</testcase>
		<testcase name="DisplayStoryBlock_WhenActive_AwaitsPlayerInput" classname="OmegaSpiral.Tests.Functional.Narrative.DialogueFlowTests" time="0.000">
		</testcase>
		<testcase name="LoadScene_WhenOneStorySelected_MaintainsUniqueBlockPool" classname="OmegaSpiral.Tests.Functional.Narrative.DialogueFlowTests" time="0.000">
		</testcase>
		<testcase name="Playthrough_WhenBlocksSelectedSequentially_PreventsRepeats" classname="OmegaSpiral.Tests.Functional.Narrative.DialogueFlowTests" time="0.000">
		</testcase>
		<testcase name="PlayOneStory_WhenStarted_PresentsSectionsInSequence" classname="OmegaSpiral.Tests.Functional.Narrative.DialogueFlowTests" time="0.000">
		</testcase>
		<testcase name="DisplayStorySection_WhenActive_BlocksProgressWithoutInput" classname="OmegaSpiral.Tests.Functional.Narrative.DialogueFlowTests" time="0.000">
		</testcase>
		<testcase name="LoadScene_WhenOneStoryMode_UsesVariedContentPool" classname="OmegaSpiral.Tests.Functional.Narrative.DialogueFlowTests" time="0.000">
		</testcase>
		<testcase name="TrackProgress_WhenBlocksAdvanced_UpdatesProgressState" classname="OmegaSpiral.Tests.Functional.Narrative.DialogueFlowTests" time="0.000">
		</testcase>
		<testcase name="StartNameCollection_WhenPhaseActive_PromptsForPlayerName" classname="OmegaSpiral.Tests.Functional.Narrative.DialogueFlowTests" time="0.000">
		</testcase>
		<testcase name="SubmitPlayerName_WhenValidNameProvided_StoresNameInState" classname="OmegaSpiral.Tests.Functional.Narrative.DialogueFlowTests" time="0.001">
		</testcase>
		<testcase name="SubmitPlayerName_WhenNameAccepted_ProgressesToFollowUpQuestions" classname="OmegaSpiral.Tests.Functional.Narrative.DialogueFlowTests" time="0.000">
		</testcase>
		<testcase name="DisplaySecret_WhenPhaseActive_PresentsThreeChoiceOptions" classname="OmegaSpiral.Tests.Functional.Narrative.DialogueFlowTests" time="0.000">
		</testcase>
		<testcase name="SelectSecret_WhenChoiceSelected_MapsToCorrectAffinity" classname="OmegaSpiral.Tests.Functional.Narrative.DialogueFlowTests" time="0.000">
		</testcase>
		<testcase name="SelectSecret_WhenChoiceConfirmed_TriggersGhostwritingEffect" classname="OmegaSpiral.Tests.Functional.Narrative.DialogueFlowTests" time="0.002">
		</testcase>
		<testcase name="Placeholder_RemainingTests_WillBeImplementedIteratively" classname="OmegaSpiral.Tests.Functional.Narrative.DialogueFlowTests" time="0.001">
		</testcase>
		<testcase name="NavigateStorySections_WhenProgressing_TracksSectionProgressionAccurately" classname="OmegaSpiral.Tests.Functional.Narrative.DialogueFlowTests" time="0.002">
		</testcase>
		<testcase name="LoadScene_WhenNameSectionActive_PromptsForPlayerName" classname="OmegaSpiral.Tests.Functional.Narrative.DialogueFlowTests" time="0.001">
		</testcase>
		<testcase name="SubmitName_WhenPlayerEntersName_PresentsTwoCrypticMeaningQuestions" classname="OmegaSpiral.Tests.Functional.Narrative.DialogueFlowTests" time="0.002">
		</testcase>
		<testcase name="SubmitName_WhenPlayerEntersName_ValidatesAndStoresCorrectly" classname="OmegaSpiral.Tests.Functional.Narrative.DialogueFlowTests" time="0.001">
		</testcase>
		<testcase name="CompleteNameQuestions_WhenAllAnswered_TransitionsToContentBlock" classname="OmegaSpiral.Tests.Functional.Narrative.DialogueFlowTests" time="0.001">
		</testcase>
		<testcase name="DisplaySecretSection_WhenActive_PresentsThreeChoicesForDreamweaverPoints" classname="OmegaSpiral.Tests.Functional.Narrative.DialogueFlowTests" time="0.002">
		</testcase>
		<testcase name="SelectChoice_WhenMade_AttributesToCorrespondingAffinity" classname="OmegaSpiral.Tests.Functional.Narrative.DialogueFlowTests" time="0.000">
		</testcase>
		<testcase name="SelectSecretChoice_WhenMade_TriggersEquationGhostwritingEffect" classname="OmegaSpiral.Tests.Functional.Narrative.DialogueFlowTests" time="0.001">
		</testcase>
		<testcase name="CompleteSecretSection_WhenFinished_DisplaysFinalCrypticMessage" classname="OmegaSpiral.Tests.Functional.Narrative.DialogueFlowTests" time="0.000">
		</testcase>
		<testcase name="DisplayScene_WhenPlayerIdle_ShowsInterstitialDialogueBetweenDreamweavers" classname="OmegaSpiral.Tests.Functional.Narrative.DialogueFlowTests" time="0.001">
		</testcase>
		<testcase name="DisplayScene_WhenDreamweaversActive_ShowsReferencesBetweenDreamweavers" classname="OmegaSpiral.Tests.Functional.Narrative.DialogueFlowTests" time="0.000">
		</testcase>
		<testcase name="DreamweaverConversation_WhenActive_KeepsOmegaSilent" classname="OmegaSpiral.Tests.Functional.Narrative.DialogueFlowTests" time="0.000">
		</testcase>
		<testcase name="LogDialogue_WhenDreamweaverSpeaks_LogsCorrectSpeakerID" classname="OmegaSpiral.Tests.Functional.Narrative.DialogueFlowTests" time="0.005">
		</testcase>
		<testcase name="MakeChoice_WhenSelectedDreamweaverChosen_IncrementsAffinityByConfiguredValue" classname="OmegaSpiral.Tests.Functional.Narrative.DialogueFlowTests" time="0.000">
		</testcase>
		<testcase name="MakeChoice_WhenOneDreamweaverSelected_LeavesOtherAffinitiesUnchanged" classname="OmegaSpiral.Tests.Functional.Narrative.DialogueFlowTests" time="0.000">
		</testcase>
		<testcase name="MakeChoice_WhenMultipleChoicesMade_MaintainsAffinityHistoryForAuditTrail" classname="OmegaSpiral.Tests.Functional.Narrative.DialogueFlowTests" time="0.000">
		</testcase>
		<testcase name="MakeChoice_WhenDifferentWeightsApplied_AppliesCorrectPointValues" classname="OmegaSpiral.Tests.Functional.Narrative.DialogueFlowTests" time="0.000">
		</testcase>
		<testcase name="Transition_WhenMovingToScene2_MaintainsAffinityArrayValues" classname="OmegaSpiral.Tests.Functional.Narrative.DialogueFlowTests" time="0.002">
		</testcase>
		<testcase name="SceneTransition_WhenMovingBetweenScenes_PreservesCumulativeScores" classname="OmegaSpiral.Tests.Functional.Narrative.DialogueFlowTests" time="0.000">
		</testcase>
		<testcase name="SceneTransition_WhenMovingBetweenScenes_DoesNotResetAffinityState" classname="OmegaSpiral.Tests.Functional.Narrative.DialogueFlowTests" time="0.001">
		</testcase>
		<testcase name="SceneOperation_WhenSaveSystemActive_IntegratesWithSaveForPersistence" classname="OmegaSpiral.Tests.Functional.Narrative.DialogueFlowTests" time="0.000">
		</testcase>
		<testcase name="PlayerChoice_WhenMade_TriggersNonSelectedDreamweaverCommentary" classname="OmegaSpiral.Tests.Functional.Narrative.DialogueFlowTests" time="0.009">
		</testcase>
		<testcase name="AffinityShift_WhenOccurs_ReferencedInDreamweaverDialogue" classname="OmegaSpiral.Tests.Functional.Narrative.DialogueFlowTests" time="0.003">
		</testcase>
		<testcase name="DreamweaverPresence_WhenActive_PreventsOmegaFromAcknowledging" classname="OmegaSpiral.Tests.Functional.Narrative.DialogueFlowTests" time="0.000">
		</testcase>
		<testcase name="Commentary_WhenBasedOnStandings_VariesBasedOnCurrentAffinity" classname="OmegaSpiral.Tests.Functional.Narrative.DialogueFlowTests" time="0.002">
		</testcase>
		<testcase name="MultiScene_WhenAccumulatingPoints_AccumulatesCorrectlyAcrossScenes" classname="OmegaSpiral.Tests.Functional.Narrative.DialogueFlowTests" time="0.000">
		</testcase>
		<testcase name="PlayerChoice_WhenMade_AppliesAppropriatePointValues" classname="OmegaSpiral.Tests.Functional.Narrative.DialogueFlowTests" time="0.000">
		</testcase>
		<testcase name="SceneTransition_WhenOccurs_PersistsAffinityArray" classname="OmegaSpiral.Tests.Functional.Narrative.DialogueFlowTests" time="0.001">
		</testcase>
		<testcase name="Playthrough_WhenComplete_MaintainsAccurateTallies" classname="OmegaSpiral.Tests.Functional.Narrative.DialogueFlowTests" time="0.004">
			<failure message="FAILED: res://Tests/Narrative/DialogueFlowTests.cs:1268" type="FAILURE">
<![CDATA[
Expecting size:
    '6' but is '7'
]]>
			</failure>
		</testcase>
	</testsuite>
	<testsuite id="4" name="ContentBlockTests" package="Tests/Narrative" timestamp="2025-10-16T13:56:37" hostname="localhost" tests="23" failures="0" errors="0" skipped="0" flaky="0" time="0.044">
		<testcase name="DisplayText_WithNoUserInputForTenSeconds_RemainsVisible" classname="OmegaSpiral.Tests.Functional.Narrative.ContentBlockTests" time="0.004">
		</testcase>
		<testcase name="DisplayText_WithNoInput_DoesNotAutoAdvance" classname="OmegaSpiral.Tests.Functional.Narrative.ContentBlockTests" time="0.001">
		</testcase>
		<testcase name="DisplayText_WithNoInput_WaitsIndefinitelyUntilInteraction" classname="OmegaSpiral.Tests.Functional.Narrative.ContentBlockTests" time="0.000">
		</testcase>
		<testcase name="DisplayText_InCRTContainer_CentersTextIn4x3Frame" classname="OmegaSpiral.Tests.Functional.Narrative.ContentBlockTests" time="0.000">
		</testcase>
		<testcase name="DisplayText_WithCRTShader_AppliesBlurEffect" classname="OmegaSpiral.Tests.Functional.Narrative.ContentBlockTests" time="0.000">
		</testcase>
		<testcase name="DisplayText_WithCRTShader_DisplaysVisibleScanlines" classname="OmegaSpiral.Tests.Functional.Narrative.ContentBlockTests" time="0.000">
		</testcase>
		<testcase name="DisplayText_WithCRTShader_MaintainsVisualConsistency" classname="OmegaSpiral.Tests.Functional.Narrative.ContentBlockTests" time="0.000">
		</testcase>
		<testcase name="PlayTypewriter_WithTiming_RevealsCharactersSequentially" classname="OmegaSpiral.Tests.Functional.Narrative.ContentBlockTests" time="0.001">
		</testcase>
		<testcase name="PlayTypewriter_WithAudio_SynchronizesSoundWithText" classname="OmegaSpiral.Tests.Functional.Narrative.ContentBlockTests" time="0.001">
		</testcase>
		<testcase name="PlayTypewriter_WithAudio_LoopsSoundUntilLineCompletion" classname="OmegaSpiral.Tests.Functional.Narrative.ContentBlockTests" time="0.000">
		</testcase>
		<testcase name="PlayTypewriter_WithTiming_MaintainsConsistentTiming" classname="OmegaSpiral.Tests.Functional.Narrative.ContentBlockTests" time="0.002">
		</testcase>
		<testcase name="TransitionSection_AtYAMLBoundary_ActivatesDissolveEffect" classname="OmegaSpiral.Tests.Functional.Narrative.ContentBlockTests" time="0.000">
		</testcase>
		<testcase name="TransitionSection_WithDissolveShader_FadesTextCorrectly" classname="OmegaSpiral.Tests.Functional.Narrative.ContentBlockTests" time="0.000">
		</testcase>
		<testcase name="TransitionSection_WithTiming_MatchesConfiguredDuration" classname="OmegaSpiral.Tests.Functional.Narrative.ContentBlockTests" time="0.001">
		</testcase>
		<testcase name="TransitionSection_WithDissolve_WaitsForCompletion" classname="OmegaSpiral.Tests.Functional.Narrative.ContentBlockTests" time="0.000">
		</testcase>
		<testcase name="SelectChoice_WithKeyboardNavigation_AllowsChoiceSelection" classname="OmegaSpiral.Tests.Functional.Narrative.ContentBlockTests" time="0.001">
		</testcase>
		<testcase name="SelectChoice_WithMouseClick_AllowsChoiceSelection" classname="OmegaSpiral.Tests.Functional.Narrative.ContentBlockTests" time="0.002">
		</testcase>
		<testcase name="SelectChoice_WithGamepadInput_AllowsChoiceSelection" classname="OmegaSpiral.Tests.Functional.Narrative.ContentBlockTests" time="0.000">
		</testcase>
		<testcase name="SelectChoice_WithAnyValidInput_AdvancesNarrative" classname="OmegaSpiral.Tests.Functional.Narrative.ContentBlockTests" time="0.000">
		</testcase>
		<testcase name="AdvanceBlock_WithKeyboardSelect_AdvancesContentBlock" classname="OmegaSpiral.Tests.Functional.Narrative.ContentBlockTests" time="0.002">
		</testcase>
		<testcase name="AdvanceBlock_WithGamepadConfirm_AdvancesContentBlock" classname="OmegaSpiral.Tests.Functional.Narrative.ContentBlockTests" time="0.001">
		</testcase>
		<testcase name="AdvanceBlock_WithMouseClick_AdvancesContentBlock" classname="OmegaSpiral.Tests.Functional.Narrative.ContentBlockTests" time="0.001">
		</testcase>
		<testcase name="AdvanceBlock_WithAllInputMethods_RespondsConsistently" classname="OmegaSpiral.Tests.Functional.Narrative.ContentBlockTests" time="0.000">
		</testcase>
	</testsuite>
	<testsuite id="5" name="NarrativeScriptFunctionalTests" package="Tests/Narrative" timestamp="2025-10-16T13:56:37" hostname="localhost" tests="6" failures="0" errors="0" skipped="0" flaky="0" time="0.011">
		<testcase name="BasicObjectCreation_ReturnsValidObject" classname="OmegaSpiral.Tests.Functional.Narrative.NarrativeScriptFunctionalTests" time="0.001">
		</testcase>
		<testcase name="BasicListOperations_ReturnsExpectedCount" classname="OmegaSpiral.Tests.Functional.Narrative.NarrativeScriptFunctionalTests" time="0.001">
		</testcase>
		<testcase name="BasicBooleanLogic_ReturnsExpectedValues" classname="OmegaSpiral.Tests.Functional.Narrative.NarrativeScriptFunctionalTests" time="0.000">
		</testcase>
		<testcase name="BasicStringOperations_ReturnsExpectedContent" classname="OmegaSpiral.Tests.Functional.Narrative.NarrativeScriptFunctionalTests" time="0.000">
		</testcase>
		<testcase name="BasicNumericOperations_ReturnsExpectedValues" classname="OmegaSpiral.Tests.Functional.Narrative.NarrativeScriptFunctionalTests" time="0.000">
		</testcase>
		<testcase name="BasicDictionaryOperations_ReturnsExpectedValues" classname="OmegaSpiral.Tests.Functional.Narrative.NarrativeScriptFunctionalTests" time="0.002">
		</testcase>
	</testsuite>
</testsuites>
