<?xml version="1.0" encoding="UTF-8" ?>
<testsuites id="2025-10-16" name="report_7" tests="23" failures="7" skipped="0" flaky="0" time="0.000">
	<testsuite id="0" name="NethackSceneTests" package="Tests/Dungeon" timestamp="2025-10-16T14:50:15" hostname="localhost" tests="23" failures="7" errors="0" skipped="0" flaky="0" time="0.232">
		<testcase name="LoadSchema_WhenValidSchemaProvided_LoadsThreeDistinctDungeonStages" classname="OmegaSpiral.Tests.Unit.Dungeon.NethackSceneTests" time="0.095">
		</testcase>
		<testcase name="LoadSchema_WhenValidSchemaProvided_AssignsUniqueOwnerValues" classname="OmegaSpiral.Tests.Unit.Dungeon.NethackSceneTests" time="0.009">
		</testcase>
		<testcase name="LoadSchema_WhenValidSchemaProvided_ValidatesMapDimensions" classname="OmegaSpiral.Tests.Unit.Dungeon.NethackSceneTests" time="0.004">
		</testcase>
		<testcase name="LoadSchema_WhenValidSchemaProvided_CorrectlyAlignsObjectGlyphs" classname="OmegaSpiral.Tests.Unit.Dungeon.NethackSceneTests" time="0.013">
			<failure message="FAILED: res://Tests/Dungeon/NethackSceneTests.cs:100" type="FAILURE">
<![CDATA[
Object of type 'System.Collections.ObjectModel.ReadOnlyDictionary`2[System.Char,System.String]' cannot be converted to type 'System.Collections.Generic.IEnumerable`1[System.Char]'.
]]>
			</failure>
		</testcase>
		<testcase name="LoadSchema_WhenDuplicateOwnersProvided_ThrowsDomainException" classname="OmegaSpiral.Tests.Unit.Dungeon.NethackSceneTests" time="0.005">
			<failure message="FAILED: res://Tests/Dungeon/NethackSceneTests.cs:-1" type="FAILURE">
<![CDATA[
Expecting exception message
	"unique Dreamweaver owner"
 but is
	"Failed to parse dungeon sequence JSON - parse result is null."
]]>
			</failure>
		</testcase>
		<testcase name="CreateSequence_WhenDuplicateOwnersProvided_PreventsAggregateCreation" classname="OmegaSpiral.Tests.Unit.Dungeon.NethackSceneTests" time="0.004">
			<failure message="FAILED: res://Tests/Dungeon/NethackSceneTests.cs:137" type="FAILURE">
<![CDATA[
'GdUnit4.Asserts.ObjectAssert' does not contain a definition for 'Completions'
]]>
			</failure>
		</testcase>
		<testcase name="LoadSchema_WhenValidSchemaProvided_MaintainsBalancedAffinityDistribution" classname="OmegaSpiral.Tests.Unit.Dungeon.NethackSceneTests" time="0.002">
		</testcase>
		<testcase name="Sequence_WhenStageBegins_PublishesDungeonStageEnteredEvent" classname="OmegaSpiral.Tests.Unit.Dungeon.NethackSceneTests" time="0.000">
		</testcase>
		<testcase name="StageEvent_WhenPublished_IncludesOwnerIdentifier" classname="OmegaSpiral.Tests.Unit.Dungeon.NethackSceneTests" time="0.000">
		</testcase>
		<testcase name="StageEvent_WhenPublished_IncludesStageIndex" classname="OmegaSpiral.Tests.Unit.Dungeon.NethackSceneTests" time="0.000">
		</testcase>
		<testcase name="StageEvent_WhenPublished_IncludesASCIIMapMetadata" classname="OmegaSpiral.Tests.Unit.Dungeon.NethackSceneTests" time="0.000">
		</testcase>
		<testcase name="ObjectInteraction_WhenOwnerAlignedObject_InteractsAndUpdatesAffinity" classname="OmegaSpiral.Tests.Unit.Dungeon.NethackSceneTests" time="0.003">
			<failure message="FAILED: res://Tests/Dungeon/NethackSceneTests.cs:237" type="FAILURE">
<![CDATA[
'GdUnit4.Asserts.ObjectAssert' does not contain a definition for 'IsEqualTo'
]]>
			</failure>
		</testcase>
		<testcase name="ObjectInteraction_WhenConfiguredPointsApplied_AppliesToCorrectDreamweaver" classname="OmegaSpiral.Tests.Unit.Dungeon.NethackSceneTests" time="0.003">
			<failure message="FAILED: res://Tests/Dungeon/NethackSceneTests.cs:258" type="FAILURE">
<![CDATA[
'GdUnit4.Asserts.ObjectAssert' does not contain a definition for 'IsEqualTo'
]]>
			</failure>
		</testcase>
		<testcase name="ObjectInteraction_WhenOccurs_RecordsInAffinityHistory" classname="OmegaSpiral.Tests.Unit.Dungeon.NethackSceneTests" time="0.001">
			<failure message="FAILED: res://Tests/Dungeon/NethackSceneTests.cs:279" type="FAILURE">
<![CDATA[
'GdUnit4.Asserts.ObjectAssert' does not contain a definition for 'IsEqualTo'
]]>
			</failure>
		</testcase>
		<testcase name="ObjectInteraction_WhenNonAlignedObject_LeavesAffinityUnchanged" classname="OmegaSpiral.Tests.Unit.Dungeon.NethackSceneTests" time="0.002">
			<failure message="FAILED: res://Tests/Dungeon/NethackSceneTests.cs:300" type="FAILURE">
<![CDATA[
'GdUnit4.Asserts.ObjectAssert' does not contain a definition for 'IsNotEqualTo'
]]>
			</failure>
		</testcase>
		<testcase name="StageProgression_WhenCurrentStageCompleted_AdvancesToNextStage" classname="OmegaSpiral.Tests.Unit.Dungeon.NethackSceneTests" time="0.000">
		</testcase>
		<testcase name="StageProgression_WhenSameSeedUsed_MaintainsConsistentSequenceOrder" classname="OmegaSpiral.Tests.Unit.Dungeon.NethackSceneTests" time="0.004">
		</testcase>
		<testcase name="StageProgression_WhenSameSeedUsed_GeneratesIdenticalLayouts" classname="OmegaSpiral.Tests.Unit.Dungeon.NethackSceneTests" time="0.008">
		</testcase>
		<testcase name="StageProgression_WhenProgressing_ReachesThirdStageWithoutSkipping" classname="OmegaSpiral.Tests.Unit.Dungeon.NethackSceneTests" time="0.002">
		</testcase>
		<testcase name="Movement_WhenInputReceived_HandlesMovementCorrectly" classname="OmegaSpiral.Tests.Unit.Dungeon.NethackSceneTests" time="0.001">
		</testcase>
		<testcase name="Movement_WhenCollisionDetected_PreventsWallWalking" classname="OmegaSpiral.Tests.Unit.Dungeon.NethackSceneTests" time="0.002">
		</testcase>
		<testcase name="Movement_WhenInvalidMoveAttempted_ProvidesFeedback" classname="OmegaSpiral.Tests.Unit.Dungeon.NethackSceneTests" time="0.002">
		</testcase>
		<testcase name="Gameplay_WhenObjectInteracted_ManagesAffinityUpdates" classname="OmegaSpiral.Tests.Unit.Dungeon.NethackSceneTests" time="0.003">
		</testcase>
	</testsuite>
</testsuites>
