<?xml version="1.0" encoding="utf-8"?>
<TestRun id="24616828-a5a5-4081-9d02-ad94eeb21121" name="@omega 2025-10-26 08:24:28" xmlns="http://microsoft.com/schemas/VisualStudio/TeamTest/2010">
  <Times creation="2025-10-26T08:24:28.9221588-04:00" queuing="2025-10-26T08:24:28.9221589-04:00" start="2025-10-26T08:24:06.4747671-04:00" finish="2025-10-26T08:54:06.5374032-04:00" />
  <TestSettings name="default" id="7f30a44c-0a3e-4967-b5f7-a76440c7e35b">
    <Deployment runDeploymentRoot="_omega_2025-10-26_08_24_28" />
  </TestSettings>
  <Results>
    <UnitTestResult executionId="313e4cee-5f2a-4f6d-81ad-49aca1e4adec" testId="28f42ed7-2533-4e39-ab4f-fbfd3c3616cf" testName="OmegaSpiral.Tests.Common.GameStateSignalTests.CharacterPartyChangedSignal_EmittedWhenPartyChanges_SignalReceived" computerName="omega" duration="00:00:01.0650000" startTime="2025-10-26T08:24:31.6412284-04:00" endTime="2025-10-26T08:24:31.6416443-04:00" testType="13cdc9d9-ddb5-4fa4-a97d-d965ccfc6d4b" outcome="Failed" testListId="8c84fa94-04c1-424b-9868-57a2d4851a1d" relativeResultsDirectory="313e4cee-5f2a-4f6d-81ad-49aca1e4adec">
      <Output>
        <ErrorInfo>
          <Message>Expecting do emitting signal:
    "CharacterPartyChanged(&lt;Empty&gt;)"
 by
    &lt;OmegaSpiral.Source.Scripts.GameStateSignals&gt; (objId: 62646126328)</Message>
          <StackTrace>   at GdUnit4.Asserts.SignalAssert.ThrowTestFailureReport(String message, Int32 lineNumber)
</StackTrace>
        </ErrorInfo>
      </Output>
    </UnitTestResult>
    <UnitTestResult executionId="ecc2d799-f5b8-4c37-a73f-15c4d17b373b" testId="f0e29149-04ab-47ac-b23a-7f27a0fdecc5" testName="[After].MenuActionBar_Exists" computerName="omega" startTime="2025-10-26T08:24:34.9948070-04:00" endTime="2025-10-26T08:24:34.9948081-04:00" testType="13cdc9d9-ddb5-4fa4-a97d-d965ccfc6d4b" outcome="Passed" testListId="8c84fa94-04c1-424b-9868-57a2d4851a1d" relativeResultsDirectory="ecc2d799-f5b8-4c37-a73f-15c4d17b373b">
      <Output>
        <StdErr>Warning:
    Detected &lt;42&gt; orphan nodes during test suite setup stage!
    Check Setup:28 and Cleanup:36 for unfreed instances!</StdErr>
        <ErrorInfo>
          <Message>Warning:
    Detected &lt;42&gt; orphan nodes during test suite setup stage!
    Check Setup:28 and Cleanup:36 for unfreed instances!</Message>
        </ErrorInfo>
      </Output>
    </UnitTestResult>
    <UnitTestResult executionId="d8284a0f-32bb-4308-84db-da3119f51f55" testId="1dc6b274-9489-42d7-b845-8a0d10c6b6ad" testName="OmegaSpiral.Tests.Integration.Ui.MenuUiTests.ButtonContainer_Exists" computerName="omega" duration="00:00:00.0200000" startTime="2025-10-26T08:24:35.1269973-04:00" endTime="2025-10-26T08:24:35.1273029-04:00" testType="13cdc9d9-ddb5-4fa4-a97d-d965ccfc6d4b" outcome="Passed" testListId="8c84fa94-04c1-424b-9868-57a2d4851a1d" relativeResultsDirectory="d8284a0f-32bb-4308-84db-da3119f51f55" />
    <UnitTestResult executionId="d57fd1f5-05e7-4067-b402-9a2f96f602bd" testId="f5886413-6a4b-4196-874a-1846e037dece" testName="OmegaSpiral.Tests.Integration.Ui.MenuUiTests.Menu_IsEnabledByDefault" computerName="omega" duration="00:00:00.0130000" startTime="2025-10-26T08:24:35.1754057-04:00" endTime="2025-10-26T08:24:35.1773982-04:00" testType="13cdc9d9-ddb5-4fa4-a97d-d965ccfc6d4b" outcome="Passed" testListId="8c84fa94-04c1-424b-9868-57a2d4851a1d" relativeResultsDirectory="d57fd1f5-05e7-4067-b402-9a2f96f602bd" />
    <UnitTestResult executionId="30d41011-0ffc-4403-8302-6325ac1a8d90" testId="0276e118-3959-43be-9dec-76feeb3d760c" testName="OmegaSpiral.Tests.Integration.Ui.OmegaUi_IntegrationTests.ComponentCreation_CreatesTextRendererAndShaderController" computerName="omega" duration="00:00:00.0260000" startTime="2025-10-26T08:24:41.1644025-04:00" endTime="2025-10-26T08:24:41.1648596-04:00" testType="13cdc9d9-ddb5-4fa4-a97d-d965ccfc6d4b" outcome="Passed" testListId="8c84fa94-04c1-424b-9868-57a2d4851a1d" relativeResultsDirectory="30d41011-0ffc-4403-8302-6325ac1a8d90">
      <Output>
        <StdOut>=== [OmegaUi] Starting initialization ===
[OmegaUi] Phase 1: Caching required nodes
[OmegaUi] Caching required nodes...
[OmegaUi] Node cache results: TextDisplay=True, Phosphor=True, Scanline=True, Glitch=True
[OmegaUi] PhosphorLayer color set to (1, 1, 1, 0.18)
[OmegaUi] ScanlineLayer color set to (1, 1, 1, 0.12)
[OmegaUi] GlitchLayer color set to (1, 1, 1, 0.08)
[OmegaUi] Node caching complete
[OmegaUi] Phase 1 complete: NodesCached
[OmegaUi] Phase 2: Creating BorderFrame
[OmegaUi] Phase 2: CreateBorderFrame starting
[OmegaUi] Creating BorderFrame programmatically
[OmegaUi] BorderFrame created successfully
[OmegaUi] Phase 2 complete: BorderFrameCreated
[OmegaUi] Phase 3: Creating components
[OmegaUi] Phase 3 complete: ComponentsCreated
[OmegaUi] Phase 4: Initializing component states
[OmegaUi] Phase 4 complete: Initialized
=== [OmegaUi] Initialization SUCCESS ===</StdOut>
      </Output>
    </UnitTestResult>
    <UnitTestResult executionId="1441fa60-e9cd-4d0d-80d3-6b4ec9da50fe" testId="91093c09-f018-4e00-a1be-577479bd9e27" testName="OmegaSpiral.Tests.Integration.Ui.Omega.OmegaTextRendererTests.IsAnimating_WhenNotAnimating_ReturnsFalse" computerName="omega" duration="00:00:00.0130000" startTime="2025-10-26T08:24:39.7016862-04:00" endTime="2025-10-26T08:24:39.7023581-04:00" testType="13cdc9d9-ddb5-4fa4-a97d-d965ccfc6d4b" outcome="Passed" testListId="8c84fa94-04c1-424b-9868-57a2d4851a1d" relativeResultsDirectory="1441fa60-e9cd-4d0d-80d3-6b4ec9da50fe" />
    <UnitTestResult executionId="c120892c-c119-4c4d-b81a-3c6be0541e35" testId="1878ac0b-d59e-4947-8256-25f7255933cd" testName="[After].LaunchButton_ExistsWithCorrectText" computerName="omega" startTime="2025-10-26T08:24:34.9937560-04:00" endTime="2025-10-26T08:24:34.9937569-04:00" testType="13cdc9d9-ddb5-4fa4-a97d-d965ccfc6d4b" outcome="Passed" testListId="8c84fa94-04c1-424b-9868-57a2d4851a1d" relativeResultsDirectory="c120892c-c119-4c4d-b81a-3c6be0541e35">
      <Output>
        <StdErr>Warning:
    Detected &lt;42&gt; orphan nodes during test suite setup stage!
    Check Setup:28 and Cleanup:36 for unfreed instances!</StdErr>
        <ErrorInfo>
          <Message>Warning:
    Detected &lt;42&gt; orphan nodes during test suite setup stage!
    Check Setup:28 and Cleanup:36 for unfreed instances!</Message>
        </ErrorInfo>
      </Output>
    </UnitTestResult>
    <UnitTestResult executionId="78158617-6bbb-4d1d-8c6d-fe38f9aee180" testId="9a2cb50c-b5c3-4f69-9dc5-f12faa4c7623" testName="OmegaSpiral.Tests.Integration.Ui.MenuUiTests.FocusFirstButton_WorksCorrectly" computerName="omega" duration="00:00:00.0130000" startTime="2025-10-26T08:24:35.1891613-04:00" endTime="2025-10-26T08:24:35.1894588-04:00" testType="13cdc9d9-ddb5-4fa4-a97d-d965ccfc6d4b" outcome="Failed" testListId="8c84fa94-04c1-424b-9868-57a2d4851a1d" relativeResultsDirectory="78158617-6bbb-4d1d-8c6d-fe38f9aee180">
      <Output>
        <ErrorInfo>
          <Message>Object reference not set to an instance of an object.</Message>
          <StackTrace>   at OmegaSpiral.Tests.Integration.Ui.MenuUiTests.FocusFirstButton_WorksCorrectly() in /home/adam/Dev/omega-spiral/chapter-zero/tests/integration/ui/BaseMenuTests.cs:line 184
   at System.RuntimeMethodHandle.InvokeMethod(ObjectHandleOnStack target, Void** arguments, ObjectHandleOnStack sig, BOOL isConstructor, ObjectHandleOnStack result)
   at System.RuntimeMethodHandle.InvokeMethod(ObjectHandleOnStack target, Void** arguments, ObjectHandleOnStack sig, BOOL isConstructor, ObjectHandleOnStack result)
   at System.Reflection.MethodBaseInvoker.InterpretedInvoke_Method(Object obj, IntPtr* args)
   at System.Reflection.RuntimeMethodInfo.Invoke(Object obj, BindingFlags invokeAttr, Binder binder, Object[] parameters, CultureInfo culture)
</StackTrace>
        </ErrorInfo>
      </Output>
    </UnitTestResult>
    <UnitTestResult executionId="c3619f69-c113-4e3d-b345-cb72bb35751c" testId="c0419335-f733-40ed-9d0a-137c351f39bd" testName="OmegaSpiral.Tests.Integration.Ui.Menus.MainMenuTests.MenuButtonContainer_ExistsAndHasButtons" computerName="omega" duration="00:00:00.0200000" startTime="2025-10-26T08:24:34.4794756-04:00" endTime="2025-10-26T08:24:34.4797862-04:00" testType="13cdc9d9-ddb5-4fa4-a97d-d965ccfc6d4b" outcome="Passed" testListId="8c84fa94-04c1-424b-9868-57a2d4851a1d" relativeResultsDirectory="c3619f69-c113-4e3d-b345-cb72bb35751c" />
    <UnitTestResult executionId="c3f5f2c0-91e5-47c3-b4c7-6fa496ac4996" testId="23800064-efba-4805-950d-171ca545a0ff" testName="[After].Background_UsesCorrectDarkColor" computerName="omega" startTime="2025-10-26T08:24:34.9913187-04:00" endTime="2025-10-26T08:24:34.9913218-04:00" testType="13cdc9d9-ddb5-4fa4-a97d-d965ccfc6d4b" outcome="Passed" testListId="8c84fa94-04c1-424b-9868-57a2d4851a1d" relativeResultsDirectory="c3f5f2c0-91e5-47c3-b4c7-6fa496ac4996">
      <Output>
        <StdErr>Warning:
    Detected &lt;42&gt; orphan nodes during test suite setup stage!
    Check Setup:28 and Cleanup:36 for unfreed instances!</StdErr>
        <ErrorInfo>
          <Message>Warning:
    Detected &lt;42&gt; orphan nodes during test suite setup stage!
    Check Setup:28 and Cleanup:36 for unfreed instances!</Message>
        </ErrorInfo>
      </Output>
    </UnitTestResult>
    <UnitTestResult executionId="2c991c23-91dc-492a-a1fc-10d88a22e5e9" testId="0ff6b570-0ad8-43bb-8495-fa7ad2091ac3" testName="OmegaSpiral.Tests.Integration.Ui.MenuUiTests.MenuUi_ExtendsOmegaUi" computerName="omega" duration="00:00:00.0110000" startTime="2025-10-26T08:24:35.0304329-04:00" endTime="2025-10-26T08:24:35.0307261-04:00" testType="13cdc9d9-ddb5-4fa4-a97d-d965ccfc6d4b" outcome="Passed" testListId="8c84fa94-04c1-424b-9868-57a2d4851a1d" relativeResultsDirectory="2c991c23-91dc-492a-a1fc-10d88a22e5e9" />
    <UnitTestResult executionId="fbb5115e-7061-4274-bbc5-0e6f4b560268" testId="57c88a08-d47e-40f7-ad0d-1901600d7cf7" testName="OmegaSpiral.Tests.Integration.Ui.Menus.MainMenuTests.ManifestLoads_SixStages_NoDuplicateFirst" computerName="omega" duration="00:00:00.0120000" startTime="2025-10-26T08:24:34.5130616-04:00" endTime="2025-10-26T08:24:34.5133658-04:00" testType="13cdc9d9-ddb5-4fa4-a97d-d965ccfc6d4b" outcome="Passed" testListId="8c84fa94-04c1-424b-9868-57a2d4851a1d" relativeResultsDirectory="fbb5115e-7061-4274-bbc5-0e6f4b560268" />
    <UnitTestResult executionId="6444d722-3fa6-407e-827c-9d9a189ba5b6" testId="1a5dd430-fbe5-490f-b94c-8afa0ba59013" testName="OmegaSpiral.Tests.Integration.Ui.Omega.OmegaTextRendererTests.ScrollToBottom_AfterAddingText_ScrollsCorrectly" computerName="omega" duration="00:00:02.4330000" startTime="2025-10-26T08:24:39.6877911-04:00" endTime="2025-10-26T08:24:39.6880742-04:00" testType="13cdc9d9-ddb5-4fa4-a97d-d965ccfc6d4b" outcome="Passed" testListId="8c84fa94-04c1-424b-9868-57a2d4851a1d" relativeResultsDirectory="6444d722-3fa6-407e-827c-9d9a189ba5b6" />
    <UnitTestResult executionId="35d6e536-9501-4198-b066-f63be1de39ff" testId="57c88a08-d47e-40f7-ad0d-1901600d7cf7" testName="[After].ManifestLoads_SixStages_NoDuplicateFirst" computerName="omega" startTime="2025-10-26T08:24:34.9945180-04:00" endTime="2025-10-26T08:24:34.9945197-04:00" testType="13cdc9d9-ddb5-4fa4-a97d-d965ccfc6d4b" outcome="Passed" testListId="8c84fa94-04c1-424b-9868-57a2d4851a1d" relativeResultsDirectory="35d6e536-9501-4198-b066-f63be1de39ff">
      <Output>
        <StdErr>Warning:
    Detected &lt;42&gt; orphan nodes during test suite setup stage!
    Check Setup:28 and Cleanup:36 for unfreed instances!</StdErr>
        <ErrorInfo>
          <Message>Warning:
    Detected &lt;42&gt; orphan nodes during test suite setup stage!
    Check Setup:28 and Cleanup:36 for unfreed instances!</Message>
        </ErrorInfo>
      </Output>
    </UnitTestResult>
    <UnitTestResult executionId="498a836b-6272-469b-b1c4-ee627d698f99" testId="b89ccb6c-cd87-4ebe-8226-f4d0eef6259e" testName="OmegaSpiral.Tests.Integration.Ui.Menus.MainMenuTests.LaunchButton_HasPressedSignalHandler" computerName="omega" duration="00:00:00.0190000" startTime="2025-10-26T08:24:34.6097158-04:00" endTime="2025-10-26T08:24:34.6100356-04:00" testType="13cdc9d9-ddb5-4fa4-a97d-d965ccfc6d4b" outcome="Passed" testListId="8c84fa94-04c1-424b-9868-57a2d4851a1d" relativeResultsDirectory="498a836b-6272-469b-b1c4-ee627d698f99" />
    <UnitTestResult executionId="415493d7-3611-4262-b241-7642e0c3e1a3" testId="cac2a579-529b-4a10-91d9-b849fa7140d6" testName="OmegaSpiral.Tests.Integration.Ui.Omega.OmegaTextRendererTests.Constructor_WithValidTextDisplay_InitializesCorrectly" computerName="omega" duration="00:00:00.0200000" startTime="2025-10-26T08:24:35.4253924-04:00" endTime="2025-10-26T08:24:35.4257108-04:00" testType="13cdc9d9-ddb5-4fa4-a97d-d965ccfc6d4b" outcome="Passed" testListId="8c84fa94-04c1-424b-9868-57a2d4851a1d" relativeResultsDirectory="415493d7-3611-4262-b241-7642e0c3e1a3" />
    <UnitTestResult executionId="ccce7c98-51ff-43f6-a69a-b2b13f67d0cd" testId="7f733717-a210-463d-ad45-c33f7b40a3b4" testName="[After].GlitchLayer_IsVisibleWithCorrectOpacity" computerName="omega" startTime="2025-10-26T08:24:34.9932615-04:00" endTime="2025-10-26T08:24:34.9932625-04:00" testType="13cdc9d9-ddb5-4fa4-a97d-d965ccfc6d4b" outcome="Passed" testListId="8c84fa94-04c1-424b-9868-57a2d4851a1d" relativeResultsDirectory="ccce7c98-51ff-43f6-a69a-b2b13f67d0cd">
      <Output>
        <StdErr>Warning:
    Detected &lt;42&gt; orphan nodes during test suite setup stage!
    Check Setup:28 and Cleanup:36 for unfreed instances!</StdErr>
        <ErrorInfo>
          <Message>Warning:
    Detected &lt;42&gt; orphan nodes during test suite setup stage!
    Check Setup:28 and Cleanup:36 for unfreed instances!</Message>
        </ErrorInfo>
      </Output>
    </UnitTestResult>
    <UnitTestResult executionId="46bc6b68-149d-42e0-8a86-07cc7308ddce" testId="74c970a2-6188-4493-836a-954bc386dc5e" testName="OmegaSpiral.Tests.Integration.Ui.MenuUiTests.ContentContainer_Exists" computerName="omega" duration="00:00:00.0130000" startTime="2025-10-26T08:24:35.0856586-04:00" endTime="2025-10-26T08:24:35.0859518-04:00" testType="13cdc9d9-ddb5-4fa4-a97d-d965ccfc6d4b" outcome="Failed" testListId="8c84fa94-04c1-424b-9868-57a2d4851a1d" relativeResultsDirectory="46bc6b68-149d-42e0-8a86-07cc7308ddce">
      <Output>
        <ErrorInfo>
          <Message>Expecting be NOT &lt;Null&gt;:</Message>
          <StackTrace>   at OmegaSpiral.Tests.Integration.Ui.MenuUiTests.ContentContainer_Exists() in /home/adam/Dev/omega-spiral/chapter-zero/tests/integration/ui/BaseMenuTests.cs:line 83
</StackTrace>
        </ErrorInfo>
      </Output>
    </UnitTestResult>
    <UnitTestResult executionId="6383e899-a76b-4b7a-b194-efd2e7829f33" testId="d55e5927-3fa1-4778-b2c1-a0cf089bebe3" testName="OmegaSpiral.Tests.Integration.Ui.CreditsMenuTests.CreditsMenu_HasScrollContainer" computerName="omega" duration="00:00:00.0340000" startTime="2025-10-26T08:24:34.2450240-04:00" endTime="2025-10-26T08:24:34.2453450-04:00" testType="13cdc9d9-ddb5-4fa4-a97d-d965ccfc6d4b" outcome="Failed" testListId="8c84fa94-04c1-424b-9868-57a2d4851a1d" relativeResultsDirectory="6383e899-a76b-4b7a-b194-efd2e7829f33">
      <Output>
        <ErrorInfo>
          <Message>Expecting be NOT &lt;Null&gt;:</Message>
          <StackTrace>   at OmegaSpiral.Tests.Integration.Ui.CreditsMenuTests.CreditsMenu_HasScrollContainer() in /home/adam/Dev/omega-spiral/chapter-zero/tests/integration/ui/CreditsMenuTests.cs:line 63
</StackTrace>
        </ErrorInfo>
      </Output>
    </UnitTestResult>
    <UnitTestResult executionId="35683e19-5458-4400-a62c-b04986720406" testId="932cbe29-5e89-4083-a6bb-bbf6d631d7f3" testName="OmegaSpiral.Tests.Integration.Ui.CreditsMenuTests.CreditsMenu_HasTitle" computerName="omega" duration="00:00:00.0340000" startTime="2025-10-26T08:24:34.2098558-04:00" endTime="2025-10-26T08:24:34.2102217-04:00" testType="13cdc9d9-ddb5-4fa4-a97d-d965ccfc6d4b" outcome="Failed" testListId="8c84fa94-04c1-424b-9868-57a2d4851a1d" relativeResultsDirectory="35683e19-5458-4400-a62c-b04986720406">
      <Output>
        <ErrorInfo>
          <Message>Expecting be NOT &lt;Null&gt;:</Message>
          <StackTrace>   at OmegaSpiral.Tests.Integration.Ui.CreditsMenuTests.CreditsMenu_HasTitle() in /home/adam/Dev/omega-spiral/chapter-zero/tests/integration/ui/CreditsMenuTests.cs:line 49
</StackTrace>
        </ErrorInfo>
      </Output>
    </UnitTestResult>
    <UnitTestResult executionId="9e36d3a0-ef0b-4787-8f7f-12a8ae712e1e" testId="bda11715-c893-4557-91c5-757eb2c4a525" testName="[After].BorderFrame_AnimationSpeedCorrect" computerName="omega" startTime="2025-10-26T08:24:34.9917247-04:00" endTime="2025-10-26T08:24:34.9917264-04:00" testType="13cdc9d9-ddb5-4fa4-a97d-d965ccfc6d4b" outcome="Passed" testListId="8c84fa94-04c1-424b-9868-57a2d4851a1d" relativeResultsDirectory="9e36d3a0-ef0b-4787-8f7f-12a8ae712e1e">
      <Output>
        <StdErr>Warning:
    Detected &lt;42&gt; orphan nodes during test suite setup stage!
    Check Setup:28 and Cleanup:36 for unfreed instances!</StdErr>
        <ErrorInfo>
          <Message>Warning:
    Detected &lt;42&gt; orphan nodes during test suite setup stage!
    Check Setup:28 and Cleanup:36 for unfreed instances!</Message>
        </ErrorInfo>
      </Output>
    </UnitTestResult>
    <UnitTestResult executionId="796537ed-df19-47a9-aa4f-3822a3c4d86b" testId="70e01f07-09a0-4144-a92f-bcad5b82fa86" testName="OmegaSpiral.Tests.Integration.Ui.Menus.MainMenuTests.QuitButton_Exists" computerName="omega" duration="00:00:00.0200000" startTime="2025-10-26T08:24:34.5897760-04:00" endTime="2025-10-26T08:24:34.5904132-04:00" testType="13cdc9d9-ddb5-4fa4-a97d-d965ccfc6d4b" outcome="Passed" testListId="8c84fa94-04c1-424b-9868-57a2d4851a1d" relativeResultsDirectory="796537ed-df19-47a9-aa4f-3822a3c4d86b" />
    <UnitTestResult executionId="1a1507dc-f31f-4400-89dd-de0d2d52aac0" testId="299e2207-e042-47ef-9898-5a936255d0c2" testName="OmegaSpiral.Tests.Integration.Ui.Omega.OmegaTextRendererTests.GetCurrentText_WhenEmpty_ReturnsEmptyString" computerName="omega" duration="00:00:00.0200000" startTime="2025-10-26T08:24:37.2544828-04:00" endTime="2025-10-26T08:24:37.2548025-04:00" testType="13cdc9d9-ddb5-4fa4-a97d-d965ccfc6d4b" outcome="Passed" testListId="8c84fa94-04c1-424b-9868-57a2d4851a1d" relativeResultsDirectory="1a1507dc-f31f-4400-89dd-de0d2d52aac0" />
    <UnitTestResult executionId="6944400b-ef43-46ab-bdc2-75929dd285cc" testId="dbfe42f0-2598-4dcf-a801-f91734b48e3d" testName="[After].MenuTitle_UsesCorrectFontSize" computerName="omega" startTime="2025-10-26T08:24:34.9970045-04:00" endTime="2025-10-26T08:24:34.9970057-04:00" testType="13cdc9d9-ddb5-4fa4-a97d-d965ccfc6d4b" outcome="Passed" testListId="8c84fa94-04c1-424b-9868-57a2d4851a1d" relativeResultsDirectory="6944400b-ef43-46ab-bdc2-75929dd285cc">
      <Output>
        <StdErr>Warning:
    Detected &lt;42&gt; orphan nodes during test suite setup stage!
    Check Setup:28 and Cleanup:36 for unfreed instances!</StdErr>
        <ErrorInfo>
          <Message>Warning:
    Detected &lt;42&gt; orphan nodes during test suite setup stage!
    Check Setup:28 and Cleanup:36 for unfreed instances!</Message>
        </ErrorInfo>
      </Output>
    </UnitTestResult>
    <UnitTestResult executionId="ca019bab-8877-4735-8511-c9c7ed1017e3" testId="b5b47936-edcd-4ee4-a6ec-50f71ab8d099" testName="[After].PhosphorLayer_IsVisibleWithCorrectOpacity" computerName="omega" startTime="2025-10-26T08:24:34.9985893-04:00" endTime="2025-10-26T08:24:34.9985933-04:00" testType="13cdc9d9-ddb5-4fa4-a97d-d965ccfc6d4b" outcome="Passed" testListId="8c84fa94-04c1-424b-9868-57a2d4851a1d" relativeResultsDirectory="ca019bab-8877-4735-8511-c9c7ed1017e3">
      <Output>
        <StdErr>Warning:
    Detected &lt;42&gt; orphan nodes during test suite setup stage!
    Check Setup:28 and Cleanup:36 for unfreed instances!</StdErr>
        <ErrorInfo>
          <Message>Warning:
    Detected &lt;42&gt; orphan nodes during test suite setup stage!
    Check Setup:28 and Cleanup:36 for unfreed instances!</Message>
        </ErrorInfo>
      </Output>
    </UnitTestResult>
    <UnitTestResult executionId="f3b51974-43ab-4d11-a2ef-e14f39e89e42" testId="5eef127e-d9c6-4586-98d3-d4eebd5918fb" testName="OmegaSpiral.Tests.Integration.Ui.Menus.MainMenuTests.MenuButtonContainer_HasCorrectSpacing" computerName="omega" duration="00:00:00.0200000" startTime="2025-10-26T08:24:34.7549925-04:00" endTime="2025-10-26T08:24:34.7553450-04:00" testType="13cdc9d9-ddb5-4fa4-a97d-d965ccfc6d4b" outcome="Passed" testListId="8c84fa94-04c1-424b-9868-57a2d4851a1d" relativeResultsDirectory="f3b51974-43ab-4d11-a2ef-e14f39e89e42" />
    <UnitTestResult executionId="4f6c6ff3-40f6-478a-bf07-cc37aae9dbdb" testId="309e18b7-cd82-4a96-ad41-1b505b3abe09" testName="OmegaSpiral.Tests.Integration.SceneLoadingAndViewportTests.MenuFixture_NeverRendersOffscreen" computerName="omega" duration="00:00:00.0200000" startTime="2025-10-26T08:24:34.0066462-04:00" endTime="2025-10-26T08:24:34.0070129-04:00" testType="13cdc9d9-ddb5-4fa4-a97d-d965ccfc6d4b" outcome="Failed" testListId="8c84fa94-04c1-424b-9868-57a2d4851a1d" relativeResultsDirectory="4f6c6ff3-40f6-478a-bf07-cc37aae9dbdb">
      <Output>
        <ErrorInfo>
          <Message>Object reference not set to an instance of an object.</Message>
          <StackTrace>   at OmegaSpiral.Tests.Integration.SceneLoadingAndViewportTests.MenuFixture_NeverRendersOffscreen() in /home/adam/Dev/omega-spiral/chapter-zero/tests/integration/SceneLoadingAndViewportTests.cs:line 77
   at System.RuntimeMethodHandle.InvokeMethod(ObjectHandleOnStack target, Void** arguments, ObjectHandleOnStack sig, BOOL isConstructor, ObjectHandleOnStack result)
   at System.RuntimeMethodHandle.InvokeMethod(ObjectHandleOnStack target, Void** arguments, ObjectHandleOnStack sig, BOOL isConstructor, ObjectHandleOnStack result)
   at System.Reflection.MethodBaseInvoker.InterpretedInvoke_Method(Object obj, IntPtr* args)
   at System.Reflection.RuntimeMethodInfo.Invoke(Object obj, BindingFlags invokeAttr, Binder binder, Object[] parameters, CultureInfo culture)
</StackTrace>
        </ErrorInfo>
      </Output>
    </UnitTestResult>
    <UnitTestResult executionId="38d9cd6a-fe36-414c-8381-a379c663609a" testId="08c26cf7-6bbb-43c2-b5a6-a62518fc3559" testName="OmegaSpiral.Tests.Integration.Ui.CreditsMenuTests.CreditsMenu_StartsScrollingWhenShown" computerName="omega" duration="00:00:00.0120000" startTime="2025-10-26T08:24:34.2998552-04:00" endTime="2025-10-26T08:24:34.3001884-04:00" testType="13cdc9d9-ddb5-4fa4-a97d-d965ccfc6d4b" outcome="Failed" testListId="8c84fa94-04c1-424b-9868-57a2d4851a1d" relativeResultsDirectory="38d9cd6a-fe36-414c-8381-a379c663609a">
      <Output>
        <ErrorInfo>
          <Message>Expecting be NOT &lt;Null&gt;:</Message>
          <StackTrace>   at OmegaSpiral.Tests.Integration.Ui.CreditsMenuTests.CreditsMenu_StartsScrollingWhenShown() in /home/adam/Dev/omega-spiral/chapter-zero/tests/integration/ui/CreditsMenuTests.cs:line 126
</StackTrace>
        </ErrorInfo>
      </Output>
    </UnitTestResult>
    <UnitTestResult executionId="80c46d56-4608-4986-b0f1-57d565f24a9d" testId="0dfd4f2a-8b63-47f9-9a7b-036221ce8841" testName="OmegaSpiral.Tests.Integration.Ui.Omega.ChoiceButtonTests.ChoiceButton_SupportsFocusNavigation" computerName="omega" duration="00:00:00.0340000" startTime="2025-10-26T08:24:35.3616744-04:00" endTime="2025-10-26T08:24:35.3619647-04:00" testType="13cdc9d9-ddb5-4fa4-a97d-d965ccfc6d4b" outcome="Passed" testListId="8c84fa94-04c1-424b-9868-57a2d4851a1d" relativeResultsDirectory="80c46d56-4608-4986-b0f1-57d565f24a9d" />
    <UnitTestResult executionId="cd7827da-fe40-4755-9f43-72c79044bcfb" testId="dcc7fa40-5381-4a01-8991-e027bf40da74" testName="OmegaSpiral.Tests.Integration.Ui.Omega.OmegaTextRendererTests.Constructor_WithNullTextDisplay_ThrowsArgumentNullException" computerName="omega" duration="00:00:00.0110000" startTime="2025-10-26T08:24:35.4374734-04:00" endTime="2025-10-26T08:24:35.4377701-04:00" testType="13cdc9d9-ddb5-4fa4-a97d-d965ccfc6d4b" outcome="Passed" testListId="8c84fa94-04c1-424b-9868-57a2d4851a1d" relativeResultsDirectory="cd7827da-fe40-4755-9f43-72c79044bcfb" />
    <UnitTestResult executionId="7e6fd371-64c8-44aa-8bb9-9e1114dbbc8b" testId="523c7a5b-15f0-4cc8-8737-89b4ef370996" testName="OmegaSpiral.Tests.Common.GameStateSignalTests.DreamweaverInfluenceChangedSignal_EmittedWhenInfluenceChanges_SignalReceived" computerName="omega" duration="00:00:01.0530000" startTime="2025-10-26T08:24:32.6909011-04:00" endTime="2025-10-26T08:24:32.6912671-04:00" testType="13cdc9d9-ddb5-4fa4-a97d-d965ccfc6d4b" outcome="Failed" testListId="8c84fa94-04c1-424b-9868-57a2d4851a1d" relativeResultsDirectory="7e6fd371-64c8-44aa-8bb9-9e1114dbbc8b">
      <Output>
        <ErrorInfo>
          <Message>Expecting do emitting signal:
    "DreamweaverInfluenceChanged(&lt;Empty&gt;)"
 by
    &lt;OmegaSpiral.Source.Scripts.GameStateSignals&gt; (objId: 62780344056)</Message>
          <StackTrace>   at GdUnit4.Asserts.SignalAssert.ThrowTestFailureReport(String message, Int32 lineNumber)
</StackTrace>
        </ErrorInfo>
      </Output>
    </UnitTestResult>
    <UnitTestResult executionId="735fb018-17a9-4442-a134-baeaac2eec5e" testId="ee5b4a0f-8dd2-4391-bf91-e0f530e5060d" testName="OmegaSpiral.Tests.Integration.Ui.MenuUiTests.GetFocusedButton_ReturnsCorrectButton" computerName="omega" duration="00:00:00.0200000" startTime="2025-10-26T08:24:35.2097983-04:00" endTime="2025-10-26T08:24:35.2100880-04:00" testType="13cdc9d9-ddb5-4fa4-a97d-d965ccfc6d4b" outcome="Failed" testListId="8c84fa94-04c1-424b-9868-57a2d4851a1d" relativeResultsDirectory="735fb018-17a9-4442-a134-baeaac2eec5e">
      <Output>
        <ErrorInfo>
          <Message>Expecting be equal:
    &lt;Godot.Button&gt; (objId: 69659002760) but is &lt;Null&gt;</Message>
          <StackTrace>   at OmegaSpiral.Tests.Integration.Ui.MenuUiTests.GetFocusedButton_ReturnsCorrectButton() in /home/adam/Dev/omega-spiral/chapter-zero/tests/integration/ui/BaseMenuTests.cs:line 211
</StackTrace>
        </ErrorInfo>
      </Output>
    </UnitTestResult>
    <UnitTestResult executionId="fa7c41ce-c069-4e28-a4b9-dc1213a09b45" testId="0a07851e-23b9-4a70-a54d-0d10c27e66dd" testName="OmegaSpiral.Tests.Integration.Common.OmegaIntegrationTests.ComponentLifecycle_ManagedProperly" computerName="omega" duration="00:00:00.0260000" startTime="2025-10-26T08:24:33.9303358-04:00" endTime="2025-10-26T08:24:33.9306823-04:00" testType="13cdc9d9-ddb5-4fa4-a97d-d965ccfc6d4b" outcome="Passed" testListId="8c84fa94-04c1-424b-9868-57a2d4851a1d" relativeResultsDirectory="fa7c41ce-c069-4e28-a4b9-dc1213a09b45">
      <Output>
        <StdOut>\u001b[92m✓ Component lifecycle managed properly\u001b[39m\u001b[0m</StdOut>
      </Output>
    </UnitTestResult>
    <UnitTestResult executionId="3c124401-f6a4-427f-9acf-1fd27f98f507" testId="82633951-18f9-4e51-90ca-53b6c92fe639" testName="OmegaSpiral.Tests.Integration.Ui.Omega.ChoiceButtonTests.ExitTree_CleansUpSignalConnections" computerName="omega" duration="00:00:00.0200000" startTime="2025-10-26T08:24:35.3829311-04:00" endTime="2025-10-26T08:24:35.3832764-04:00" testType="13cdc9d9-ddb5-4fa4-a97d-d965ccfc6d4b" outcome="Passed" testListId="8c84fa94-04c1-424b-9868-57a2d4851a1d" relativeResultsDirectory="3c124401-f6a4-427f-9acf-1fd27f98f507" />
    <UnitTestResult executionId="358240c1-8e74-4b06-a972-db566ab6ab2e" testId="7bbbf755-18be-4e96-bb31-291845e93831" testName="OmegaSpiral.Tests.Integration.Ui.Menus.MainMenuTests.QuitButton_HasPressedSignalHandler" computerName="omega" duration="00:00:00.0260000" startTime="2025-10-26T08:24:34.6580315-04:00" endTime="2025-10-26T08:24:34.6583434-04:00" testType="13cdc9d9-ddb5-4fa4-a97d-d965ccfc6d4b" outcome="Passed" testListId="8c84fa94-04c1-424b-9868-57a2d4851a1d" relativeResultsDirectory="358240c1-8e74-4b06-a972-db566ab6ab2e" />
    <UnitTestResult executionId="ec5e829a-1d7e-437e-85f9-9d399c520945" testId="b09da5e8-5a83-4c08-8ce2-aecd92a5f60c" testName="[After].AllStageButtons_HavePressedSignalHandlers" computerName="omega" startTime="2025-10-26T08:24:34.9906951-04:00" endTime="2025-10-26T08:24:34.9907463-04:00" testType="13cdc9d9-ddb5-4fa4-a97d-d965ccfc6d4b" outcome="Passed" testListId="8c84fa94-04c1-424b-9868-57a2d4851a1d" relativeResultsDirectory="ec5e829a-1d7e-437e-85f9-9d399c520945">
      <Output>
        <StdErr>Warning:
    Detected &lt;42&gt; orphan nodes during test suite setup stage!
    Check Setup:28 and Cleanup:36 for unfreed instances!</StdErr>
        <ErrorInfo>
          <Message>Warning:
    Detected &lt;42&gt; orphan nodes during test suite setup stage!
    Check Setup:28 and Cleanup:36 for unfreed instances!</Message>
        </ErrorInfo>
      </Output>
    </UnitTestResult>
    <UnitTestResult executionId="6c9dc952-faf7-4704-a3d6-3146794b28f2" testId="3713bf5f-2f68-4283-a50e-a579dc7ebb41" testName="OmegaSpiral.Tests.Integration.Ui.Omega.OmegaTextRendererTests.AppendTextAsync_CustomTypingSpeed_AppendsTextCorrectly" computerName="omega" duration="00:00:00.2080000" startTime="2025-10-26T08:24:36.0585047-04:00" endTime="2025-10-26T08:24:36.0588019-04:00" testType="13cdc9d9-ddb5-4fa4-a97d-d965ccfc6d4b" outcome="Passed" testListId="8c84fa94-04c1-424b-9868-57a2d4851a1d" relativeResultsDirectory="6c9dc952-faf7-4704-a3d6-3146794b28f2" />
    <UnitTestResult executionId="8f5e63f2-1df8-4966-a7da-239a9f460681" testId="14a93e36-a7ca-4bd3-a5ac-ad9c364d7ad7" testName="[After].InheritsFromMenuUi" computerName="omega" startTime="2025-10-26T08:24:34.9935061-04:00" endTime="2025-10-26T08:24:34.9935069-04:00" testType="13cdc9d9-ddb5-4fa4-a97d-d965ccfc6d4b" outcome="Passed" testListId="8c84fa94-04c1-424b-9868-57a2d4851a1d" relativeResultsDirectory="8f5e63f2-1df8-4966-a7da-239a9f460681">
      <Output>
        <StdErr>Warning:
    Detected &lt;42&gt; orphan nodes during test suite setup stage!
    Check Setup:28 and Cleanup:36 for unfreed instances!</StdErr>
        <ErrorInfo>
          <Message>Warning:
    Detected &lt;42&gt; orphan nodes during test suite setup stage!
    Check Setup:28 and Cleanup:36 for unfreed instances!</Message>
        </ErrorInfo>
      </Output>
    </UnitTestResult>
    <UnitTestResult executionId="98397a7c-836f-4984-af2b-082f1fc9bca6" testId="173a0e97-2e86-4708-a5ef-ddecb0d4fa54" testName="OmegaSpiral.Tests.Integration.Ui.Menus.MainMenuTests.ScanlineLayer_IsVisibleWithCorrectOpacity" computerName="omega" duration="00:00:00.0200000" startTime="2025-10-26T08:24:34.8511957-04:00" endTime="2025-10-26T08:24:34.8514925-04:00" testType="13cdc9d9-ddb5-4fa4-a97d-d965ccfc6d4b" outcome="Passed" testListId="8c84fa94-04c1-424b-9868-57a2d4851a1d" relativeResultsDirectory="98397a7c-836f-4984-af2b-082f1fc9bca6" />
    <UnitTestResult executionId="812dcb8f-28b5-407a-9896-aa8afda86ec3" testId="4eee028e-636c-488f-9a6f-5234ec3c4808" testName="[After].OptionsButton_HasPressedSignalHandler" computerName="omega" startTime="2025-10-26T08:24:34.9976451-04:00" endTime="2025-10-26T08:24:34.9976469-04:00" testType="13cdc9d9-ddb5-4fa4-a97d-d965ccfc6d4b" outcome="Passed" testListId="8c84fa94-04c1-424b-9868-57a2d4851a1d" relativeResultsDirectory="812dcb8f-28b5-407a-9896-aa8afda86ec3">
      <Output>
        <StdErr>Warning:
    Detected &lt;42&gt; orphan nodes during test suite setup stage!
    Check Setup:28 and Cleanup:36 for unfreed instances!</StdErr>
        <ErrorInfo>
          <Message>Warning:
    Detected &lt;42&gt; orphan nodes during test suite setup stage!
    Check Setup:28 and Cleanup:36 for unfreed instances!</Message>
        </ErrorInfo>
      </Output>
    </UnitTestResult>
    <UnitTestResult executionId="c082eca1-142f-48db-9b2a-c052718e8f4c" testId="b8cf75a4-890d-4d10-bba1-5c5226b69db0" testName="OmegaSpiral.Tests.Integration.Ui.Omega.OmegaTextRendererTests.IsAnimating_DuringTextAppending_ReturnsTrue" computerName="omega" duration="00:00:01.3590000" startTime="2025-10-26T08:24:41.0610387-04:00" endTime="2025-10-26T08:24:41.0613460-04:00" testType="13cdc9d9-ddb5-4fa4-a97d-d965ccfc6d4b" outcome="Passed" testListId="8c84fa94-04c1-424b-9868-57a2d4851a1d" relativeResultsDirectory="c082eca1-142f-48db-9b2a-c052718e8f4c" />
    <UnitTestResult executionId="763ace72-6600-4e0b-aac2-ba6ae6e76f68" testId="d4f76a18-6ae0-41db-8382-874c881799fe" testName="OmegaSpiral.Tests.Integration.Ui.MenuUiTests.ButtonContainer_CanAddButtons" computerName="omega" duration="00:00:00.0200000" startTime="2025-10-26T08:24:35.1616310-04:00" endTime="2025-10-26T08:24:35.1619145-04:00" testType="13cdc9d9-ddb5-4fa4-a97d-d965ccfc6d4b" outcome="Passed" testListId="8c84fa94-04c1-424b-9868-57a2d4851a1d" relativeResultsDirectory="763ace72-6600-4e0b-aac2-ba6ae6e76f68" />
    <UnitTestResult executionId="39b7113a-83ea-45cf-aaa7-f45abc167c10" testId="7370a782-eac3-407c-a6fe-37ca964e10ec" testName="OmegaSpiral.Tests.Integration.Ui.OmegaUi_IntegrationTests.SceneInitialization_EmitsInitializationCompletedSignal" computerName="omega" duration="00:00:00.0350000" startTime="2025-10-26T08:24:41.1382269-04:00" endTime="2025-10-26T08:24:41.1385159-04:00" testType="13cdc9d9-ddb5-4fa4-a97d-d965ccfc6d4b" outcome="Passed" testListId="8c84fa94-04c1-424b-9868-57a2d4851a1d" relativeResultsDirectory="39b7113a-83ea-45cf-aaa7-f45abc167c10">
      <Output>
        <StdOut>=== [OmegaUi] Starting initialization ===
[OmegaUi] Phase 1: Caching required nodes
[OmegaUi] Caching required nodes...
[OmegaUi] Node cache results: TextDisplay=True, Phosphor=True, Scanline=True, Glitch=True
[OmegaUi] PhosphorLayer color set to (1, 1, 1, 0.18)
[OmegaUi] ScanlineLayer color set to (1, 1, 1, 0.12)
[OmegaUi] GlitchLayer color set to (1, 1, 1, 0.08)
[OmegaUi] Node caching complete
[OmegaUi] Phase 1 complete: NodesCached
[OmegaUi] Phase 2: Creating BorderFrame
[OmegaUi] Phase 2: CreateBorderFrame starting
[OmegaUi] Creating BorderFrame programmatically
[OmegaUi] BorderFrame created successfully
[OmegaUi] Phase 2 complete: BorderFrameCreated
[OmegaUi] Phase 3: Creating components
[OmegaUi] Phase 3 complete: ComponentsCreated
[OmegaUi] Phase 4: Initializing component states
[OmegaUi] Phase 4 complete: Initialized
=== [OmegaUi] Initialization SUCCESS ===</StdOut>
      </Output>
    </UnitTestResult>
    <UnitTestResult executionId="034ff69b-fea4-4a63-8be1-cae92048a5f5" testId="7209a9d0-8738-43c9-8dcc-a9106d166bbf" testName="OmegaSpiral.Tests.Integration.Ui.CreditsMenuTests.CreditsMenu_CanShowAndHide" computerName="omega" duration="00:00:00.0130000" startTime="2025-10-26T08:24:34.2758702-04:00" endTime="2025-10-26T08:24:34.2761934-04:00" testType="13cdc9d9-ddb5-4fa4-a97d-d965ccfc6d4b" outcome="Passed" testListId="8c84fa94-04c1-424b-9868-57a2d4851a1d" relativeResultsDirectory="034ff69b-fea4-4a63-8be1-cae92048a5f5" />
    <UnitTestResult executionId="8713b620-9997-47a7-8936-f80cc6a7da1a" testId="3de93fa8-d0a9-4550-8d42-f99271b163d2" testName="OmegaSpiral.Tests.Integration.Ui.CreditsMenuTests.CreditsMenu_FocusesBackButton" computerName="omega" duration="00:00:00.0100000" startTime="2025-10-26T08:24:34.2867059-04:00" endTime="2025-10-26T08:24:34.2870797-04:00" testType="13cdc9d9-ddb5-4fa4-a97d-d965ccfc6d4b" outcome="Failed" testListId="8c84fa94-04c1-424b-9868-57a2d4851a1d" relativeResultsDirectory="8713b620-9997-47a7-8936-f80cc6a7da1a">
      <Output>
        <ErrorInfo>
          <Message>Expecting be NOT &lt;Null&gt;:</Message>
          <StackTrace>   at OmegaSpiral.Tests.Integration.Ui.CreditsMenuTests.CreditsMenu_FocusesBackButton() in /home/adam/Dev/omega-spiral/chapter-zero/tests/integration/ui/CreditsMenuTests.cs:line 111
</StackTrace>
        </ErrorInfo>
      </Output>
    </UnitTestResult>
    <UnitTestResult executionId="c380fe58-868d-4d53-8853-cfae92524ad4" testId="c0419335-f733-40ed-9d0a-137c351f39bd" testName="[After].MenuButtonContainer_ExistsAndHasButtons" computerName="omega" startTime="2025-10-26T08:24:34.9950588-04:00" endTime="2025-10-26T08:24:34.9950597-04:00" testType="13cdc9d9-ddb5-4fa4-a97d-d965ccfc6d4b" outcome="Passed" testListId="8c84fa94-04c1-424b-9868-57a2d4851a1d" relativeResultsDirectory="c380fe58-868d-4d53-8853-cfae92524ad4">
      <Output>
        <StdErr>Warning:
    Detected &lt;42&gt; orphan nodes during test suite setup stage!
    Check Setup:28 and Cleanup:36 for unfreed instances!</StdErr>
        <ErrorInfo>
          <Message>Warning:
    Detected &lt;42&gt; orphan nodes during test suite setup stage!
    Check Setup:28 and Cleanup:36 for unfreed instances!</Message>
        </ErrorInfo>
      </Output>
    </UnitTestResult>
    <UnitTestResult executionId="208ac301-f3eb-4337-a85c-15e77258975b" testId="50130acd-9111-4ad5-a32c-946173b37118" testName="OmegaSpiral.Tests.Integration.Ui.Menus.MainMenuTests.ContentContainer_HasCorrectSectionSpacing" computerName="omega" duration="00:00:00.0200000" startTime="2025-10-26T08:24:34.7759191-04:00" endTime="2025-10-26T08:24:34.7762263-04:00" testType="13cdc9d9-ddb5-4fa4-a97d-d965ccfc6d4b" outcome="Passed" testListId="8c84fa94-04c1-424b-9868-57a2d4851a1d" relativeResultsDirectory="208ac301-f3eb-4337-a85c-15e77258975b" />
    <UnitTestResult executionId="7ad70171-813d-4293-9172-fb44ff8ccbb4" testId="668f537e-fc77-4c89-bc2f-77cec4afc6f2" testName="OmegaSpiral.Tests.Common.GameStateSignalTests.InventoryUpdatedSignal_EmittedWhenInventoryChanges_SignalReceived" computerName="omega" duration="00:00:01.0900000" startTime="2025-10-26T08:24:30.5687706-04:00" endTime="2025-10-26T08:24:30.5696196-04:00" testType="13cdc9d9-ddb5-4fa4-a97d-d965ccfc6d4b" outcome="Failed" testListId="8c84fa94-04c1-424b-9868-57a2d4851a1d" relativeResultsDirectory="7ad70171-813d-4293-9172-fb44ff8ccbb4">
      <Output>
        <ErrorInfo>
          <Message>Expecting do emitting signal:
    "InventoryUpdated(&lt;Empty&gt;)"
 by
    &lt;OmegaSpiral.Source.Scripts.GameStateSignals&gt; (objId: 62511908600)</Message>
          <StackTrace>   at GdUnit4.Asserts.SignalAssert.ThrowTestFailureReport(String message, Int32 lineNumber)
</StackTrace>
        </ErrorInfo>
      </Output>
    </UnitTestResult>
    <UnitTestResult executionId="13cb29bf-7994-4c34-8bfd-7a2785268492" testId="20d8ccf9-2cd1-4b8b-a3cf-720ad0db87b8" testName="OmegaSpiral.Tests.Integration.Ui.MenuUiTests.MenuMode_DefaultsToStandard" computerName="omega" duration="00:00:00.0130000" startTime="2025-10-26T08:24:35.2236497-04:00" endTime="2025-10-26T08:24:35.2239428-04:00" testType="13cdc9d9-ddb5-4fa4-a97d-d965ccfc6d4b" outcome="Passed" testListId="8c84fa94-04c1-424b-9868-57a2d4851a1d" relativeResultsDirectory="13cb29bf-7994-4c34-8bfd-7a2785268492" />
    <UnitTestResult executionId="ae3d48be-b82e-4deb-9c09-0e1e9e34318e" testId="d601deb5-b897-4efd-a522-6baa94be82eb" testName="[After].BorderFrame_UsesThreeThreadColors" computerName="omega" startTime="2025-10-26T08:24:34.9927431-04:00" endTime="2025-10-26T08:24:34.9927443-04:00" testType="13cdc9d9-ddb5-4fa4-a97d-d965ccfc6d4b" outcome="Passed" testListId="8c84fa94-04c1-424b-9868-57a2d4851a1d" relativeResultsDirectory="ae3d48be-b82e-4deb-9c09-0e1e9e34318e">
      <Output>
        <StdErr>Warning:
    Detected &lt;42&gt; orphan nodes during test suite setup stage!
    Check Setup:28 and Cleanup:36 for unfreed instances!</StdErr>
        <ErrorInfo>
          <Message>Warning:
    Detected &lt;42&gt; orphan nodes during test suite setup stage!
    Check Setup:28 and Cleanup:36 for unfreed instances!</Message>
        </ErrorInfo>
      </Output>
    </UnitTestResult>
    <UnitTestResult executionId="920f0878-08b2-4a42-92a0-1a845bc4e467" testId="2aa1c120-b805-49ac-908d-05c81f996298" testName="OmegaSpiral.Tests.Integration.Ui.Menus.MainMenuTests.MenuTitle_DisplaysOmegaSpiral" computerName="omega" duration="00:00:00.0210000" startTime="2025-10-26T08:24:34.4580941-04:00" endTime="2025-10-26T08:24:34.4584163-04:00" testType="13cdc9d9-ddb5-4fa4-a97d-d965ccfc6d4b" outcome="Passed" testListId="8c84fa94-04c1-424b-9868-57a2d4851a1d" relativeResultsDirectory="920f0878-08b2-4a42-92a0-1a845bc4e467" />
    <UnitTestResult executionId="071479a9-c751-48ee-9a44-7df00d185316" testId="8ab93f7e-c808-4ba9-b6c2-e54347fba3ad" testName="OmegaSpiral.Tests.Integration.Ui.Omega.ChoiceButtonTests.ChoiceButton_InheritsFromButton" computerName="omega" duration="00:00:00.0100000" startTime="2025-10-26T08:24:35.2660660-04:00" endTime="2025-10-26T08:24:35.2663471-04:00" testType="13cdc9d9-ddb5-4fa4-a97d-d965ccfc6d4b" outcome="Passed" testListId="8c84fa94-04c1-424b-9868-57a2d4851a1d" relativeResultsDirectory="071479a9-c751-48ee-9a44-7df00d185316" />
    <UnitTestResult executionId="3588add8-91c2-44cb-ad09-b575c59beac5" testId="dbfe42f0-2598-4dcf-a801-f91734b48e3d" testName="OmegaSpiral.Tests.Integration.Ui.Menus.MainMenuTests.MenuTitle_UsesCorrectFontSize" computerName="omega" duration="00:00:00.0200000" startTime="2025-10-26T08:24:34.7349961-04:00" endTime="2025-10-26T08:24:34.7352891-04:00" testType="13cdc9d9-ddb5-4fa4-a97d-d965ccfc6d4b" outcome="Passed" testListId="8c84fa94-04c1-424b-9868-57a2d4851a1d" relativeResultsDirectory="3588add8-91c2-44cb-ad09-b575c59beac5" />
    <UnitTestResult executionId="b592e4a2-c2b5-4847-902e-87e036dcf1ea" testId="09e749fc-9674-4b3b-9667-0c7c3dac792b" testName="[After].OptionsButton_Exists" computerName="omega" startTime="2025-10-26T08:24:34.9972518-04:00" endTime="2025-10-26T08:24:34.9972527-04:00" testType="13cdc9d9-ddb5-4fa4-a97d-d965ccfc6d4b" outcome="Passed" testListId="8c84fa94-04c1-424b-9868-57a2d4851a1d" relativeResultsDirectory="b592e4a2-c2b5-4847-902e-87e036dcf1ea">
      <Output>
        <StdErr>Warning:
    Detected &lt;42&gt; orphan nodes during test suite setup stage!
    Check Setup:28 and Cleanup:36 for unfreed instances!</StdErr>
        <ErrorInfo>
          <Message>Warning:
    Detected &lt;42&gt; orphan nodes during test suite setup stage!
    Check Setup:28 and Cleanup:36 for unfreed instances!</Message>
        </ErrorInfo>
      </Output>
    </UnitTestResult>
    <UnitTestResult executionId="9655627c-1ec4-447c-ad91-ddc60cef0dc5" testId="e12ff942-826a-4291-941e-8aaf4570a87f" testName="OmegaSpiral.Tests.Integration.Ui.OmegaUi_IntegrationTests.AppendTextAsync_WorksWithInitializedRenderer" computerName="omega" duration="00:00:00.2900000" startTime="2025-10-26T08:24:41.4550554-04:00" endTime="2025-10-26T08:24:41.4553383-04:00" testType="13cdc9d9-ddb5-4fa4-a97d-d965ccfc6d4b" outcome="Passed" testListId="8c84fa94-04c1-424b-9868-57a2d4851a1d" relativeResultsDirectory="9655627c-1ec4-447c-ad91-ddc60cef0dc5">
      <Output>
        <StdOut>=== [OmegaUi] Starting initialization ===
[OmegaUi] Phase 1: Caching required nodes
[OmegaUi] Caching required nodes...
[OmegaUi] Node cache results: TextDisplay=True, Phosphor=True, Scanline=True, Glitch=True
[OmegaUi] PhosphorLayer color set to (1, 1, 1, 0.18)
[OmegaUi] ScanlineLayer color set to (1, 1, 1, 0.12)
[OmegaUi] GlitchLayer color set to (1, 1, 1, 0.08)
[OmegaUi] Node caching complete
[OmegaUi] Phase 1 complete: NodesCached
[OmegaUi] Phase 2: Creating BorderFrame
[OmegaUi] Phase 2: CreateBorderFrame starting
[OmegaUi] Creating BorderFrame programmatically
[OmegaUi] BorderFrame created successfully
[OmegaUi] Phase 2 complete: BorderFrameCreated
[OmegaUi] Phase 3: Creating components
[OmegaUi] Phase 3 complete: ComponentsCreated
[OmegaUi] Phase 4: Initializing component states
[OmegaUi] Phase 4 complete: Initialized
=== [OmegaUi] Initialization SUCCESS ===</StdOut>
      </Output>
    </UnitTestResult>
    <UnitTestResult executionId="01714a4e-6a4d-4d3d-965a-5ef09b4b682b" testId="6895d9c6-8206-4cf7-b242-0fb781491cba" testName="[After].BorderFrame_HasSpiralShader" computerName="omega" startTime="2025-10-26T08:24:34.9922615-04:00" endTime="2025-10-26T08:24:34.9922625-04:00" testType="13cdc9d9-ddb5-4fa4-a97d-d965ccfc6d4b" outcome="Passed" testListId="8c84fa94-04c1-424b-9868-57a2d4851a1d" relativeResultsDirectory="01714a4e-6a4d-4d3d-965a-5ef09b4b682b">
      <Output>
        <StdErr>Warning:
    Detected &lt;42&gt; orphan nodes during test suite setup stage!
    Check Setup:28 and Cleanup:36 for unfreed instances!</StdErr>
        <ErrorInfo>
          <Message>Warning:
    Detected &lt;42&gt; orphan nodes during test suite setup stage!
    Check Setup:28 and Cleanup:36 for unfreed instances!</Message>
        </ErrorInfo>
      </Output>
    </UnitTestResult>
    <UnitTestResult executionId="9fbe16f3-fdda-4287-8d41-52b5ad0209d1" testId="23800064-efba-4805-950d-171ca545a0ff" testName="OmegaSpiral.Tests.Integration.Ui.Menus.MainMenuTests.Background_UsesCorrectDarkColor" computerName="omega" duration="00:00:00.0200000" startTime="2025-10-26T08:24:34.8856463-04:00" endTime="2025-10-26T08:24:34.8859563-04:00" testType="13cdc9d9-ddb5-4fa4-a97d-d965ccfc6d4b" outcome="Passed" testListId="8c84fa94-04c1-424b-9868-57a2d4851a1d" relativeResultsDirectory="9fbe16f3-fdda-4287-8d41-52b5ad0209d1" />
    <UnitTestResult executionId="859de434-38ff-4d71-9c07-fa6fd2bb8149" testId="e81a8cca-e484-42d1-b262-c995e3f75b06" testName="OmegaSpiral.Tests.Integration.Ui.Menus.MainMenuTests.StageButtons_HaveCorrectTextFromManifest" computerName="omega" duration="00:00:00.0210000" startTime="2025-10-26T08:24:34.5342627-04:00" endTime="2025-10-26T08:24:34.5346406-04:00" testType="13cdc9d9-ddb5-4fa4-a97d-d965ccfc6d4b" outcome="Passed" testListId="8c84fa94-04c1-424b-9868-57a2d4851a1d" relativeResultsDirectory="859de434-38ff-4d71-9c07-fa6fd2bb8149" />
    <UnitTestResult executionId="f067c73f-24c6-4885-8282-bdaf9377abef" testId="5169ad70-4be9-4715-b4ea-6f2fa5f66077" testName="OmegaSpiral.Tests.Integration.Common.OmegaIntegrationTests.Components_InitializeWithoutConflicts" computerName="omega" duration="00:00:00.0270000" startTime="2025-10-26T08:24:32.7571577-04:00" endTime="2025-10-26T08:24:32.7582611-04:00" testType="13cdc9d9-ddb5-4fa4-a97d-d965ccfc6d4b" outcome="Passed" testListId="8c84fa94-04c1-424b-9868-57a2d4851a1d" relativeResultsDirectory="f067c73f-24c6-4885-8282-bdaf9377abef" />
    <UnitTestResult executionId="839c3486-932c-488c-8825-f29937fdfb44" testId="a20aafee-b524-4354-9a4f-00892d315f1a" testName="OmegaSpiral.Tests.Integration.Ui.Menus.MainMenuTests.MenuTitle_UsesAmberDesignColor" computerName="omega" duration="00:00:00.0200000" startTime="2025-10-26T08:24:34.7132776-04:00" endTime="2025-10-26T08:24:34.7135787-04:00" testType="13cdc9d9-ddb5-4fa4-a97d-d965ccfc6d4b" outcome="Passed" testListId="8c84fa94-04c1-424b-9868-57a2d4851a1d" relativeResultsDirectory="839c3486-932c-488c-8825-f29937fdfb44" />
    <UnitTestResult executionId="7d072ac5-ea27-4d93-8532-aca49975e233" testId="b09da5e8-5a83-4c08-8ce2-aecd92a5f60c" testName="OmegaSpiral.Tests.Integration.Ui.Menus.MainMenuTests.AllStageButtons_HavePressedSignalHandlers" computerName="omega" duration="00:00:00.0340000" startTime="2025-10-26T08:24:34.6923992-04:00" endTime="2025-10-26T08:24:34.6933200-04:00" testType="13cdc9d9-ddb5-4fa4-a97d-d965ccfc6d4b" outcome="Passed" testListId="8c84fa94-04c1-424b-9868-57a2d4851a1d" relativeResultsDirectory="7d072ac5-ea27-4d93-8532-aca49975e233" />
    <UnitTestResult executionId="a9f50b52-93e5-49c1-b743-ae693bac7f00" testId="4eee028e-636c-488f-9a6f-5234ec3c4808" testName="OmegaSpiral.Tests.Integration.Ui.Menus.MainMenuTests.OptionsButton_HasPressedSignalHandler" computerName="omega" duration="00:00:00.0200000" startTime="2025-10-26T08:24:34.6338956-04:00" endTime="2025-10-26T08:24:34.6341923-04:00" testType="13cdc9d9-ddb5-4fa4-a97d-d965ccfc6d4b" outcome="Passed" testListId="8c84fa94-04c1-424b-9868-57a2d4851a1d" relativeResultsDirectory="a9f50b52-93e5-49c1-b743-ae693bac7f00" />
    <UnitTestResult executionId="b9fa356a-a9c0-475a-a817-2c59ac9a5829" testId="f0e29149-04ab-47ac-b23a-7f27a0fdecc5" testName="OmegaSpiral.Tests.Integration.Ui.Menus.MainMenuTests.MenuActionBar_Exists" computerName="omega" duration="00:00:00.0200000" startTime="2025-10-26T08:24:34.5005397-04:00" endTime="2025-10-26T08:24:34.5008491-04:00" testType="13cdc9d9-ddb5-4fa4-a97d-d965ccfc6d4b" outcome="Passed" testListId="8c84fa94-04c1-424b-9868-57a2d4851a1d" relativeResultsDirectory="b9fa356a-a9c0-475a-a817-2c59ac9a5829" />
    <UnitTestResult executionId="872ee9fc-11eb-45f2-87db-aa4dd3b57701" testId="a20aafee-b524-4354-9a4f-00892d315f1a" testName="[After].MenuTitle_UsesAmberDesignColor" computerName="omega" startTime="2025-10-26T08:24:34.9967463-04:00" endTime="2025-10-26T08:24:34.9967479-04:00" testType="13cdc9d9-ddb5-4fa4-a97d-d965ccfc6d4b" outcome="Passed" testListId="8c84fa94-04c1-424b-9868-57a2d4851a1d" relativeResultsDirectory="872ee9fc-11eb-45f2-87db-aa4dd3b57701">
      <Output>
        <StdErr>Warning:
    Detected &lt;42&gt; orphan nodes during test suite setup stage!
    Check Setup:28 and Cleanup:36 for unfreed instances!</StdErr>
        <ErrorInfo>
          <Message>Warning:
    Detected &lt;42&gt; orphan nodes during test suite setup stage!
    Check Setup:28 and Cleanup:36 for unfreed instances!</Message>
        </ErrorInfo>
      </Output>
    </UnitTestResult>
    <UnitTestResult executionId="6203c938-7a97-493b-a425-fb808ee5035b" testId="89ba4a10-8e24-4f8b-8da5-b134dae0c56b" testName="OmegaSpiral.Tests.Integration.Ui.Omega.ChoiceButtonTests.Configure_SetsAllProperties" computerName="omega" duration="00:00:00.0120000" startTime="2025-10-26T08:24:35.2788081-04:00" endTime="2025-10-26T08:24:35.2790961-04:00" testType="13cdc9d9-ddb5-4fa4-a97d-d965ccfc6d4b" outcome="Passed" testListId="8c84fa94-04c1-424b-9868-57a2d4851a1d" relativeResultsDirectory="6203c938-7a97-493b-a425-fb808ee5035b">
      <Output>
        <StdOut>[ChoiceButton] Configured: 'Test Choice' (L:10 S:5 A:3)</StdOut>
      </Output>
    </UnitTestResult>
    <UnitTestResult executionId="bd566c70-70cd-470f-bab8-af2531446c10" testId="d6ef0b36-b754-4f1c-b3a0-ca17944de66e" testName="OmegaSpiral.Tests.Integration.Ui.Omega.ChoiceButtonTests.Properties_AreReadWriteAccessible" computerName="omega" duration="00:00:00.0200000" startTime="2025-10-26T08:24:35.3273445-04:00" endTime="2025-10-26T08:24:35.3276407-04:00" testType="13cdc9d9-ddb5-4fa4-a97d-d965ccfc6d4b" outcome="Passed" testListId="8c84fa94-04c1-424b-9868-57a2d4851a1d" relativeResultsDirectory="bd566c70-70cd-470f-bab8-af2531446c10" />
    <UnitTestResult executionId="8f73f896-ec5c-4e11-b203-040cb1fec046" testId="b5b47936-edcd-4ee4-a6ec-50f71ab8d099" testName="OmegaSpiral.Tests.Integration.Ui.Menus.MainMenuTests.PhosphorLayer_IsVisibleWithCorrectOpacity" computerName="omega" duration="00:00:00.0200000" startTime="2025-10-26T08:24:34.8309288-04:00" endTime="2025-10-26T08:24:34.8324521-04:00" testType="13cdc9d9-ddb5-4fa4-a97d-d965ccfc6d4b" outcome="Passed" testListId="8c84fa94-04c1-424b-9868-57a2d4851a1d" relativeResultsDirectory="8f73f896-ec5c-4e11-b203-040cb1fec046" />
    <UnitTestResult executionId="b9879301-0f1f-4309-9a80-70321fc051c3" testId="4600fa35-f429-4eac-9f1b-d49c57460ee0" testName="OmegaSpiral.Tests.Integration.Ui.Omega.OmegaTextRendererTests.ClearText_AfterAppendingText_RemovesAllContent" computerName="omega" duration="00:00:00.3240000" startTime="2025-10-26T08:24:36.9415879-04:00" endTime="2025-10-26T08:24:36.9418712-04:00" testType="13cdc9d9-ddb5-4fa4-a97d-d965ccfc6d4b" outcome="Passed" testListId="8c84fa94-04c1-424b-9868-57a2d4851a1d" relativeResultsDirectory="b9879301-0f1f-4309-9a80-70321fc051c3" />
    <UnitTestResult executionId="e808d550-e442-4a0c-9531-ccc14680dc63" testId="eb27d519-38db-4671-947f-1af5214f3971" testName="OmegaSpiral.Tests.Integration.Ui.Menus.MainMenuTests.MenuTitle_IsHorizontallyCentered" computerName="omega" duration="00:00:00.0200000" startTime="2025-10-26T08:24:34.7967652-04:00" endTime="2025-10-26T08:24:34.7980425-04:00" testType="13cdc9d9-ddb5-4fa4-a97d-d965ccfc6d4b" outcome="Passed" testListId="8c84fa94-04c1-424b-9868-57a2d4851a1d" relativeResultsDirectory="e808d550-e442-4a0c-9531-ccc14680dc63" />
    <UnitTestResult executionId="9ac81beb-d8d0-4a03-bdf8-5939865126ac" testId="d601deb5-b897-4efd-a522-6baa94be82eb" testName="OmegaSpiral.Tests.Integration.Ui.Menus.MainMenuTests.BorderFrame_UsesThreeThreadColors" computerName="omega" duration="00:00:00.0340000" startTime="2025-10-26T08:24:34.9615113-04:00" endTime="2025-10-26T08:24:34.9618881-04:00" testType="13cdc9d9-ddb5-4fa4-a97d-d965ccfc6d4b" outcome="Passed" testListId="8c84fa94-04c1-424b-9868-57a2d4851a1d" relativeResultsDirectory="9ac81beb-d8d0-4a03-bdf8-5939865126ac" />
    <UnitTestResult executionId="372b421f-79a3-4375-b4ec-34605b41f136" testId="bf72d620-1c3f-4546-bc0b-467be81f050e" testName="OmegaSpiral.Tests.Integration.Ui.MenuUiTests.MenuUi_HasMenuModeEnum" computerName="omega" duration="00:00:00.0200000" startTime="2025-10-26T08:24:35.0510997-04:00" endTime="2025-10-26T08:24:35.0513794-04:00" testType="13cdc9d9-ddb5-4fa4-a97d-d965ccfc6d4b" outcome="Passed" testListId="8c84fa94-04c1-424b-9868-57a2d4851a1d" relativeResultsDirectory="372b421f-79a3-4375-b4ec-34605b41f136" />
    <UnitTestResult executionId="3838352e-daa0-4ecd-ab20-4a3a0d9191e5" testId="70e01f07-09a0-4144-a92f-bcad5b82fa86" testName="[After].QuitButton_Exists" computerName="omega" startTime="2025-10-26T08:24:35.0012044-04:00" endTime="2025-10-26T08:24:35.0012080-04:00" testType="13cdc9d9-ddb5-4fa4-a97d-d965ccfc6d4b" outcome="Passed" testListId="8c84fa94-04c1-424b-9868-57a2d4851a1d" relativeResultsDirectory="3838352e-daa0-4ecd-ab20-4a3a0d9191e5">
      <Output>
        <StdErr>Warning:
    Detected &lt;42&gt; orphan nodes during test suite setup stage!
    Check Setup:28 and Cleanup:36 for unfreed instances!</StdErr>
        <ErrorInfo>
          <Message>Warning:
    Detected &lt;42&gt; orphan nodes during test suite setup stage!
    Check Setup:28 and Cleanup:36 for unfreed instances!</Message>
        </ErrorInfo>
      </Output>
    </UnitTestResult>
    <UnitTestResult executionId="797a9bb9-914d-4e1e-bb73-a1f1bc31f510" testId="b89ccb6c-cd87-4ebe-8226-f4d0eef6259e" testName="[After].LaunchButton_HasPressedSignalHandler" computerName="omega" startTime="2025-10-26T08:24:34.9941610-04:00" endTime="2025-10-26T08:24:34.9941632-04:00" testType="13cdc9d9-ddb5-4fa4-a97d-d965ccfc6d4b" outcome="Passed" testListId="8c84fa94-04c1-424b-9868-57a2d4851a1d" relativeResultsDirectory="797a9bb9-914d-4e1e-bb73-a1f1bc31f510">
      <Output>
        <StdErr>Warning:
    Detected &lt;42&gt; orphan nodes during test suite setup stage!
    Check Setup:28 and Cleanup:36 for unfreed instances!</StdErr>
        <ErrorInfo>
          <Message>Warning:
    Detected &lt;42&gt; orphan nodes during test suite setup stage!
    Check Setup:28 and Cleanup:36 for unfreed instances!</Message>
        </ErrorInfo>
      </Output>
    </UnitTestResult>
    <UnitTestResult executionId="f0692dcd-150f-456d-a766-886aeeaa19b1" testId="ff41516f-68ab-44ac-9e63-00a9aff45ecd" testName="OmegaSpiral.Tests.Integration.SceneLoadingAndViewportTests.Scene_LoadsConsistentlyAcrossMultipleInstances" computerName="omega" duration="00:00:00.0210000" startTime="2025-10-26T08:24:34.0517492-04:00" endTime="2025-10-26T08:24:34.0520985-04:00" testType="13cdc9d9-ddb5-4fa4-a97d-d965ccfc6d4b" outcome="Failed" testListId="8c84fa94-04c1-424b-9868-57a2d4851a1d" relativeResultsDirectory="f0692dcd-150f-456d-a766-886aeeaa19b1">
      <Output>
        <ErrorInfo>
          <Message>Object reference not set to an instance of an object.</Message>
          <StackTrace>   at OmegaSpiral.Tests.Integration.SceneLoadingAndViewportTests.Scene_LoadsConsistentlyAcrossMultipleInstances() in /home/adam/Dev/omega-spiral/chapter-zero/tests/integration/SceneLoadingAndViewportTests.cs:line 155
   at System.RuntimeMethodHandle.InvokeMethod(ObjectHandleOnStack target, Void** arguments, ObjectHandleOnStack sig, BOOL isConstructor, ObjectHandleOnStack result)
   at System.RuntimeMethodHandle.InvokeMethod(ObjectHandleOnStack target, Void** arguments, ObjectHandleOnStack sig, BOOL isConstructor, ObjectHandleOnStack result)
   at System.Reflection.MethodBaseInvoker.InterpretedInvoke_Method(Object obj, IntPtr* args)
   at System.Reflection.RuntimeMethodInfo.Invoke(Object obj, BindingFlags invokeAttr, Binder binder, Object[] parameters, CultureInfo culture)
</StackTrace>
        </ErrorInfo>
      </Output>
    </UnitTestResult>
    <UnitTestResult executionId="1a4ea6d8-4dbe-4448-97e3-50924e2cbfc3" testId="c3da7387-1872-4a19-a569-d76e1428824f" testName="OmegaSpiral.Tests.Integration.SceneLoadingAndViewportTests.CreateCenteredXControl" computerName="omega" duration="00:00:00.0280000" startTime="2025-10-26T08:24:33.9859331-04:00" endTime="2025-10-26T08:24:33.9862621-04:00" testType="13cdc9d9-ddb5-4fa4-a97d-d965ccfc6d4b" outcome="Passed" testListId="8c84fa94-04c1-424b-9868-57a2d4851a1d" relativeResultsDirectory="1a4ea6d8-4dbe-4448-97e3-50924e2cbfc3">
      <Output>
        <StdOut>Expected viewport center: (960, 540)
Expected label rect: (935, 515), (50, 50)</StdOut>
        <StdErr>Warning:
    Detected &lt;1&gt; orphan nodes during test execution!</StdErr>
        <ErrorInfo>
          <Message>Warning:
    Detected &lt;1&gt; orphan nodes during test execution!</Message>
        </ErrorInfo>
      </Output>
    </UnitTestResult>
    <UnitTestResult executionId="47bcb0ca-1cc6-49c8-8656-fb263c895471" testId="14a93e36-a7ca-4bd3-a5ac-ad9c364d7ad7" testName="OmegaSpiral.Tests.Integration.Ui.Menus.MainMenuTests.InheritsFromMenuUi" computerName="omega" duration="00:00:00.0100000" startTime="2025-10-26T08:24:34.4363749-04:00" endTime="2025-10-26T08:24:34.4367221-04:00" testType="13cdc9d9-ddb5-4fa4-a97d-d965ccfc6d4b" outcome="Passed" testListId="8c84fa94-04c1-424b-9868-57a2d4851a1d" relativeResultsDirectory="47bcb0ca-1cc6-49c8-8656-fb263c895471" />
    <UnitTestResult executionId="bb56518d-989a-4a90-a81c-b002d0e2f706" testId="05677250-de8b-49ef-a132-cf7d2c047cd0" testName="OmegaSpiral.Tests.Integration.Common.OmegaIntegrationTests.ShaderAndText_InteractWithoutInterference" computerName="omega" duration="00:00:00.4810000" startTime="2025-10-26T08:24:33.2388853-04:00" endTime="2025-10-26T08:24:33.2392552-04:00" testType="13cdc9d9-ddb5-4fa4-a97d-d965ccfc6d4b" outcome="Passed" testListId="8c84fa94-04c1-424b-9868-57a2d4851a1d" relativeResultsDirectory="bb56518d-989a-4a90-a81c-b002d0e2f706" />
    <UnitTestResult executionId="41484577-bcea-4b66-94b9-2832262208c1" testId="50130acd-9111-4ad5-a32c-946173b37118" testName="[After].ContentContainer_HasCorrectSectionSpacing" computerName="omega" startTime="2025-10-26T08:24:34.9930170-04:00" endTime="2025-10-26T08:24:34.9930181-04:00" testType="13cdc9d9-ddb5-4fa4-a97d-d965ccfc6d4b" outcome="Passed" testListId="8c84fa94-04c1-424b-9868-57a2d4851a1d" relativeResultsDirectory="41484577-bcea-4b66-94b9-2832262208c1">
      <Output>
        <StdErr>Warning:
    Detected &lt;42&gt; orphan nodes during test suite setup stage!
    Check Setup:28 and Cleanup:36 for unfreed instances!</StdErr>
        <ErrorInfo>
          <Message>Warning:
    Detected &lt;42&gt; orphan nodes during test suite setup stage!
    Check Setup:28 and Cleanup:36 for unfreed instances!</Message>
        </ErrorInfo>
      </Output>
    </UnitTestResult>
    <UnitTestResult executionId="64bd5111-04a1-4760-8e50-fc80b474e902" testId="8de98919-b46c-4f6a-b095-38a3bfea3dbe" testName="[After].BorderFrame_Exists" computerName="omega" startTime="2025-10-26T08:24:34.9920137-04:00" endTime="2025-10-26T08:24:34.9920152-04:00" testType="13cdc9d9-ddb5-4fa4-a97d-d965ccfc6d4b" outcome="Passed" testListId="8c84fa94-04c1-424b-9868-57a2d4851a1d" relativeResultsDirectory="64bd5111-04a1-4760-8e50-fc80b474e902">
      <Output>
        <StdErr>Warning:
    Detected &lt;42&gt; orphan nodes during test suite setup stage!
    Check Setup:28 and Cleanup:36 for unfreed instances!</StdErr>
        <ErrorInfo>
          <Message>Warning:
    Detected &lt;42&gt; orphan nodes during test suite setup stage!
    Check Setup:28 and Cleanup:36 for unfreed instances!</Message>
        </ErrorInfo>
      </Output>
    </UnitTestResult>
    <UnitTestResult executionId="26a2c6b7-9d8f-40ec-9e39-3d620488baa1" testId="64c1202c-b04f-431c-b233-035cdcb94e16" testName="OmegaSpiral.Tests.Integration.Ui.Omega.OmegaTextRendererTests.AppendTextAsync__EmptyText_DoesNothing" computerName="omega" duration="00:00:00.0130000" startTime="2025-10-26T08:24:41.0745257-04:00" endTime="2025-10-26T08:24:41.0748220-04:00" testType="13cdc9d9-ddb5-4fa4-a97d-d965ccfc6d4b" outcome="Passed" testListId="8c84fa94-04c1-424b-9868-57a2d4851a1d" relativeResultsDirectory="26a2c6b7-9d8f-40ec-9e39-3d620488baa1" />
    <UnitTestResult executionId="d55e74e7-109a-4ba4-919a-a3f964157840" testId="9be26948-d8b0-47d3-b453-ca8bb4d63b8e" testName="OmegaSpiral.Tests.Integration.Ui.MenuUiTests.ActionBar_Exists" computerName="omega" duration="00:00:00.0130000" startTime="2025-10-26T08:24:35.1407764-04:00" endTime="2025-10-26T08:24:35.1410765-04:00" testType="13cdc9d9-ddb5-4fa4-a97d-d965ccfc6d4b" outcome="Passed" testListId="8c84fa94-04c1-424b-9868-57a2d4851a1d" relativeResultsDirectory="d55e74e7-109a-4ba4-919a-a3f964157840" />
    <UnitTestResult executionId="8dc364e3-1202-4a44-a5fa-3de7d2dacdfa" testId="44affc58-200b-4f9e-b0f1-ce359a4bfe24" testName="OmegaSpiral.Tests.Integration.Common.OmegaIntegrationTests.TextDisplay_AndChoiceInput_DontInterfere" computerName="omega" duration="00:00:00.6270000" startTime="2025-10-26T08:24:33.9020903-04:00" endTime="2025-10-26T08:24:33.9027391-04:00" testType="13cdc9d9-ddb5-4fa4-a97d-d965ccfc6d4b" outcome="Passed" testListId="8c84fa94-04c1-424b-9868-57a2d4851a1d" relativeResultsDirectory="8dc364e3-1202-4a44-a5fa-3de7d2dacdfa" />
    <UnitTestResult executionId="afdc5c6f-979f-43dd-b78d-ec1cebdd108e" testId="6895d9c6-8206-4cf7-b242-0fb781491cba" testName="OmegaSpiral.Tests.Integration.Ui.Menus.MainMenuTests.BorderFrame_HasSpiralShader" computerName="omega" duration="00:00:00.0200000" startTime="2025-10-26T08:24:34.9268890-04:00" endTime="2025-10-26T08:24:34.9271867-04:00" testType="13cdc9d9-ddb5-4fa4-a97d-d965ccfc6d4b" outcome="Passed" testListId="8c84fa94-04c1-424b-9868-57a2d4851a1d" relativeResultsDirectory="afdc5c6f-979f-43dd-b78d-ec1cebdd108e" />
    <UnitTestResult executionId="18d3fa1f-a7f3-4a07-8164-de626951eb9e" testId="1bc4107c-aff2-459d-a83e-65d208b12b1f" testName="OmegaSpiral.Tests.Integration.Ui.Omega.OmegaTextRendererTests.AppendTextAsync_DefaultParameters_AppendsTextCorrectly" computerName="omega" duration="00:00:00.4070000" startTime="2025-10-26T08:24:35.8502532-04:00" endTime="2025-10-26T08:24:35.8520288-04:00" testType="13cdc9d9-ddb5-4fa4-a97d-d965ccfc6d4b" outcome="Passed" testListId="8c84fa94-04c1-424b-9868-57a2d4851a1d" relativeResultsDirectory="18d3fa1f-a7f3-4a07-8164-de626951eb9e" />
    <UnitTestResult executionId="ca7db5b2-40c3-47e3-b9ee-a34222e4ad47" testId="7f733717-a210-463d-ad45-c33f7b40a3b4" testName="OmegaSpiral.Tests.Integration.Ui.Menus.MainMenuTests.GlitchLayer_IsVisibleWithCorrectOpacity" computerName="omega" duration="00:00:00.0130000" startTime="2025-10-26T08:24:34.8659886-04:00" endTime="2025-10-26T08:24:34.8663077-04:00" testType="13cdc9d9-ddb5-4fa4-a97d-d965ccfc6d4b" outcome="Passed" testListId="8c84fa94-04c1-424b-9868-57a2d4851a1d" relativeResultsDirectory="ca7db5b2-40c3-47e3-b9ee-a34222e4ad47" />
    <UnitTestResult executionId="6b4dda90-9fdf-459f-9d21-ec52f7deceb3" testId="173a0e97-2e86-4708-a5ef-ddecb0d4fa54" testName="[After].ScanlineLayer_IsVisibleWithCorrectOpacity" computerName="omega" startTime="2025-10-26T08:24:35.0019099-04:00" endTime="2025-10-26T08:24:35.0019110-04:00" testType="13cdc9d9-ddb5-4fa4-a97d-d965ccfc6d4b" outcome="Passed" testListId="8c84fa94-04c1-424b-9868-57a2d4851a1d" relativeResultsDirectory="6b4dda90-9fdf-459f-9d21-ec52f7deceb3">
      <Output>
        <StdErr>Warning:
    Detected &lt;42&gt; orphan nodes during test suite setup stage!
    Check Setup:28 and Cleanup:36 for unfreed instances!</StdErr>
        <ErrorInfo>
          <Message>Warning:
    Detected &lt;42&gt; orphan nodes during test suite setup stage!
    Check Setup:28 and Cleanup:36 for unfreed instances!</Message>
        </ErrorInfo>
      </Output>
    </UnitTestResult>
    <UnitTestResult executionId="e3ba3221-20f2-4c8d-b5de-5b556194c2fd" testId="2aa1c120-b805-49ac-908d-05c81f996298" testName="[After].MenuTitle_DisplaysOmegaSpiral" computerName="omega" startTime="2025-10-26T08:24:34.9961123-04:00" endTime="2025-10-26T08:24:34.9961139-04:00" testType="13cdc9d9-ddb5-4fa4-a97d-d965ccfc6d4b" outcome="Passed" testListId="8c84fa94-04c1-424b-9868-57a2d4851a1d" relativeResultsDirectory="e3ba3221-20f2-4c8d-b5de-5b556194c2fd">
      <Output>
        <StdErr>Warning:
    Detected &lt;42&gt; orphan nodes during test suite setup stage!
    Check Setup:28 and Cleanup:36 for unfreed instances!</StdErr>
        <ErrorInfo>
          <Message>Warning:
    Detected &lt;42&gt; orphan nodes during test suite setup stage!
    Check Setup:28 and Cleanup:36 for unfreed instances!</Message>
        </ErrorInfo>
      </Output>
    </UnitTestResult>
    <UnitTestResult executionId="af7aa3ba-9da3-49fc-a0ac-43f43d5499a9" testId="eb27d519-38db-4671-947f-1af5214f3971" testName="[After].MenuTitle_IsHorizontallyCentered" computerName="omega" startTime="2025-10-26T08:24:34.9963620-04:00" endTime="2025-10-26T08:24:34.9963630-04:00" testType="13cdc9d9-ddb5-4fa4-a97d-d965ccfc6d4b" outcome="Passed" testListId="8c84fa94-04c1-424b-9868-57a2d4851a1d" relativeResultsDirectory="af7aa3ba-9da3-49fc-a0ac-43f43d5499a9">
      <Output>
        <StdErr>Warning:
    Detected &lt;42&gt; orphan nodes during test suite setup stage!
    Check Setup:28 and Cleanup:36 for unfreed instances!</StdErr>
        <ErrorInfo>
          <Message>Warning:
    Detected &lt;42&gt; orphan nodes during test suite setup stage!
    Check Setup:28 and Cleanup:36 for unfreed instances!</Message>
        </ErrorInfo>
      </Output>
    </UnitTestResult>
    <UnitTestResult executionId="fa6df907-12fb-42ae-9f6e-68e2d839c68c" testId="1878ac0b-d59e-4947-8256-25f7255933cd" testName="OmegaSpiral.Tests.Integration.Ui.Menus.MainMenuTests.LaunchButton_ExistsWithCorrectText" computerName="omega" duration="00:00:00.0200000" startTime="2025-10-26T08:24:34.5558040-04:00" endTime="2025-10-26T08:24:34.5563977-04:00" testType="13cdc9d9-ddb5-4fa4-a97d-d965ccfc6d4b" outcome="Passed" testListId="8c84fa94-04c1-424b-9868-57a2d4851a1d" relativeResultsDirectory="fa6df907-12fb-42ae-9f6e-68e2d839c68c" />
    <UnitTestResult executionId="3b6c675b-c8d8-4427-a48f-03f01eb2025c" testId="d05cc5f7-76d7-46f0-a37c-f5b8399b5ca8" testName="OmegaSpiral.Tests.Integration.Ui.Omega.ChoiceButtonTests.Configure_ThrowsExceptionForEmptyText" computerName="omega" duration="00:00:00.0130000" startTime="2025-10-26T08:24:35.2927134-04:00" endTime="2025-10-26T08:24:35.2930169-04:00" testType="13cdc9d9-ddb5-4fa4-a97d-d965ccfc6d4b" outcome="Passed" testListId="8c84fa94-04c1-424b-9868-57a2d4851a1d" relativeResultsDirectory="3b6c675b-c8d8-4427-a48f-03f01eb2025c" />
    <UnitTestResult executionId="2508291b-9933-41de-8700-7c4ec6ff6583" testId="93e692ca-74fe-4b81-b935-78c2da227d26" testName="OmegaSpiral.Tests.Integration.Ui.Omega.OmegaTextRendererTests.SetTextColor_ChangesColorOfSubsequentText" computerName="omega" duration="00:00:00.2920000" startTime="2025-10-26T08:24:37.2339356-04:00" endTime="2025-10-26T08:24:37.2342454-04:00" testType="13cdc9d9-ddb5-4fa4-a97d-d965ccfc6d4b" outcome="Passed" testListId="8c84fa94-04c1-424b-9868-57a2d4851a1d" relativeResultsDirectory="2508291b-9933-41de-8700-7c4ec6ff6583" />
    <UnitTestResult executionId="f5ae2b3a-9ae9-4874-8e5c-af03c795cad2" testId="8186a2cb-0bf5-4ac8-9b54-9deb8b9fc288" testName="OmegaSpiral.Tests.Integration.Ui.Menus.MainMenuTests.MenuButtonContainer_IsCenterAligned" computerName="omega" duration="00:00:00.0120000" startTime="2025-10-26T08:24:34.8098866-04:00" endTime="2025-10-26T08:24:34.8101931-04:00" testType="13cdc9d9-ddb5-4fa4-a97d-d965ccfc6d4b" outcome="Passed" testListId="8c84fa94-04c1-424b-9868-57a2d4851a1d" relativeResultsDirectory="f5ae2b3a-9ae9-4874-8e5c-af03c795cad2" />
    <UnitTestResult executionId="8cabd7ae-fa6d-4ea3-b7f3-ee4534bcac92" testId="dc57c1e7-1de5-4e7f-be0c-6e8aaccfe031" testName="OmegaSpiral.Tests.Common.GameStateSignalTests.PlayerProgressionChangedSignal_EmittedWhenMilestoneReached_SignalReceived" computerName="omega" duration="00:00:01.0600000" startTime="2025-10-26T08:24:29.4808525-04:00" endTime="2025-10-26T08:24:29.4814021-04:00" testType="13cdc9d9-ddb5-4fa4-a97d-d965ccfc6d4b" outcome="Failed" testListId="8c84fa94-04c1-424b-9868-57a2d4851a1d" relativeResultsDirectory="8cabd7ae-fa6d-4ea3-b7f3-ee4534bcac92">
      <Output>
        <ErrorInfo>
          <Message>Expecting do emitting signal:
    "PlayerProgressionChanged(&lt;Empty&gt;)"
 by
    &lt;OmegaSpiral.Source.Scripts.GameStateSignals&gt; (objId: 62377690872)</Message>
          <StackTrace>   at GdUnit4.Asserts.SignalAssert.ThrowTestFailureReport(String message, Int32 lineNumber)
</StackTrace>
        </ErrorInfo>
      </Output>
    </UnitTestResult>
    <UnitTestResult executionId="5ad18eaa-3302-4c62-a37b-556950928975" testId="d34d4600-34d2-402d-aef4-d5b15cde4454" testName="OmegaSpiral.Tests.Integration.Ui.MenuUiTests.MenuUi_ExposesProtectedHelpers" computerName="omega" duration="00:00:00.0200000" startTime="2025-10-26T08:24:35.0716596-04:00" endTime="2025-10-26T08:24:35.0719495-04:00" testType="13cdc9d9-ddb5-4fa4-a97d-d965ccfc6d4b" outcome="Passed" testListId="8c84fa94-04c1-424b-9868-57a2d4851a1d" relativeResultsDirectory="5ad18eaa-3302-4c62-a37b-556950928975" />
    <UnitTestResult executionId="9d95fc0d-95f9-497f-8779-e70d9b6651c1" testId="751ada92-aed5-450f-9287-cad0190e8284" testName="OmegaSpiral.Tests.Integration.Ui.Omega.ChoiceButtonTests.OnPressed_EmitsChoiceSelectedSignal" computerName="omega" duration="00:00:00.0130000" startTime="2025-10-26T08:24:35.3067425-04:00" endTime="2025-10-26T08:24:35.3071930-04:00" testType="13cdc9d9-ddb5-4fa4-a97d-d965ccfc6d4b" outcome="Passed" testListId="8c84fa94-04c1-424b-9868-57a2d4851a1d" relativeResultsDirectory="9d95fc0d-95f9-497f-8779-e70d9b6651c1">
      <Output>
        <StdOut>[ChoiceButton] Configured: 'Test Choice' (L:10 S:5 A:3)
[ChoiceButtonTests] Signal emission test placeholder</StdOut>
      </Output>
    </UnitTestResult>
    <UnitTestResult executionId="2d2433b6-6c1d-4255-a838-ad6242925937" testId="09e749fc-9674-4b3b-9667-0c7c3dac792b" testName="OmegaSpiral.Tests.Integration.Ui.Menus.MainMenuTests.OptionsButton_Exists" computerName="omega" duration="00:00:00.0110000" startTime="2025-10-26T08:24:34.5681445-04:00" endTime="2025-10-26T08:24:34.5685177-04:00" testType="13cdc9d9-ddb5-4fa4-a97d-d965ccfc6d4b" outcome="Passed" testListId="8c84fa94-04c1-424b-9868-57a2d4851a1d" relativeResultsDirectory="2d2433b6-6c1d-4255-a838-ad6242925937" />
    <UnitTestResult executionId="3d83d442-7dc0-4be9-8f47-8191327a9c5e" testId="df58c15d-5835-4843-bf8a-e8212516defa" testName="OmegaSpiral.Tests.Integration.Common.OmegaIntegrationTests.TerminalInput_AcceptsSelection_ReturnsCorrectIndex" computerName="omega" duration="00:00:00.0340000" startTime="2025-10-26T08:24:33.2747330-04:00" endTime="2025-10-26T08:24:33.2751310-04:00" testType="13cdc9d9-ddb5-4fa4-a97d-d965ccfc6d4b" outcome="Passed" testListId="8c84fa94-04c1-424b-9868-57a2d4851a1d" relativeResultsDirectory="3d83d442-7dc0-4be9-8f47-8191327a9c5e">
      <Output>
        <StdErr>Warning:
    Detected &lt;2&gt; orphan nodes during test execution!</StdErr>
        <ErrorInfo>
          <Message>Warning:
    Detected &lt;2&gt; orphan nodes during test execution!</Message>
        </ErrorInfo>
      </Output>
    </UnitTestResult>
    <UnitTestResult executionId="76deddf3-8547-4bce-ab7f-6500fa61407f" testId="5eef127e-d9c6-4586-98d3-d4eebd5918fb" testName="[After].MenuButtonContainer_HasCorrectSpacing" computerName="omega" startTime="2025-10-26T08:24:34.9955312-04:00" endTime="2025-10-26T08:24:34.9955354-04:00" testType="13cdc9d9-ddb5-4fa4-a97d-d965ccfc6d4b" outcome="Passed" testListId="8c84fa94-04c1-424b-9868-57a2d4851a1d" relativeResultsDirectory="76deddf3-8547-4bce-ab7f-6500fa61407f">
      <Output>
        <StdErr>Warning:
    Detected &lt;42&gt; orphan nodes during test suite setup stage!
    Check Setup:28 and Cleanup:36 for unfreed instances!</StdErr>
        <ErrorInfo>
          <Message>Warning:
    Detected &lt;42&gt; orphan nodes during test suite setup stage!
    Check Setup:28 and Cleanup:36 for unfreed instances!</Message>
        </ErrorInfo>
      </Output>
    </UnitTestResult>
    <UnitTestResult executionId="9e76d3b7-c186-4b2a-8b8e-90a632308618" testId="ced72154-9182-4a6d-be31-e76cd38a56ec" testName="OmegaSpiral.Tests.Integration.Ui.CreditsMenuTests.CreditsMenu_PopulatesCredits" computerName="omega" duration="00:00:00.0120000" startTime="2025-10-26T08:24:34.2584971-04:00" endTime="2025-10-26T08:24:34.2588303-04:00" testType="13cdc9d9-ddb5-4fa4-a97d-d965ccfc6d4b" outcome="Failed" testListId="8c84fa94-04c1-424b-9868-57a2d4851a1d" relativeResultsDirectory="9e76d3b7-c186-4b2a-8b8e-90a632308618">
      <Output>
        <ErrorInfo>
          <Message>Expecting be NOT &lt;Null&gt;:</Message>
          <StackTrace>   at OmegaSpiral.Tests.Integration.Ui.CreditsMenuTests.CreditsMenu_PopulatesCredits() in /home/adam/Dev/omega-spiral/chapter-zero/tests/integration/ui/CreditsMenuTests.cs:line 75
</StackTrace>
        </ErrorInfo>
      </Output>
    </UnitTestResult>
    <UnitTestResult executionId="46e836d8-b695-4c7b-ae44-7a7e7b2cd461" testId="8186a2cb-0bf5-4ac8-9b54-9deb8b9fc288" testName="[After].MenuButtonContainer_IsCenterAligned" computerName="omega" startTime="2025-10-26T08:24:34.9958467-04:00" endTime="2025-10-26T08:24:34.9958480-04:00" testType="13cdc9d9-ddb5-4fa4-a97d-d965ccfc6d4b" outcome="Passed" testListId="8c84fa94-04c1-424b-9868-57a2d4851a1d" relativeResultsDirectory="46e836d8-b695-4c7b-ae44-7a7e7b2cd461">
      <Output>
        <StdErr>Warning:
    Detected &lt;42&gt; orphan nodes during test suite setup stage!
    Check Setup:28 and Cleanup:36 for unfreed instances!</StdErr>
        <ErrorInfo>
          <Message>Warning:
    Detected &lt;42&gt; orphan nodes during test suite setup stage!
    Check Setup:28 and Cleanup:36 for unfreed instances!</Message>
        </ErrorInfo>
      </Output>
    </UnitTestResult>
    <UnitTestResult executionId="7efd8bdc-e985-4283-90b6-4e1e1d9fa14b" testId="e81a8cca-e484-42d1-b262-c995e3f75b06" testName="[After].StageButtons_HaveCorrectTextFromManifest" computerName="omega" startTime="2025-10-26T08:24:35.0022511-04:00" endTime="2025-10-26T08:24:35.0022530-04:00" testType="13cdc9d9-ddb5-4fa4-a97d-d965ccfc6d4b" outcome="Passed" testListId="8c84fa94-04c1-424b-9868-57a2d4851a1d" relativeResultsDirectory="7efd8bdc-e985-4283-90b6-4e1e1d9fa14b">
      <Output>
        <StdErr>Warning:
    Detected &lt;42&gt; orphan nodes during test suite setup stage!
    Check Setup:28 and Cleanup:36 for unfreed instances!</StdErr>
        <ErrorInfo>
          <Message>Warning:
    Detected &lt;42&gt; orphan nodes during test suite setup stage!
    Check Setup:28 and Cleanup:36 for unfreed instances!</Message>
        </ErrorInfo>
      </Output>
    </UnitTestResult>
    <UnitTestResult executionId="9f11883d-357d-4d3d-b5bd-618bc608f95d" testId="8de98919-b46c-4f6a-b095-38a3bfea3dbe" testName="OmegaSpiral.Tests.Integration.Ui.Menus.MainMenuTests.BorderFrame_Exists" computerName="omega" duration="00:00:00.0200000" startTime="2025-10-26T08:24:34.9061933-04:00" endTime="2025-10-26T08:24:34.9070546-04:00" testType="13cdc9d9-ddb5-4fa4-a97d-d965ccfc6d4b" outcome="Passed" testListId="8c84fa94-04c1-424b-9868-57a2d4851a1d" relativeResultsDirectory="9f11883d-357d-4d3d-b5bd-618bc608f95d" />
    <UnitTestResult executionId="cfae8ad8-0cad-42c6-974c-f0022ed39598" testId="760f7632-055a-43e0-af96-c007be3696f3" testName="OmegaSpiral.Tests.Integration.Ui.MenuUiTests.MenuTitle_Exists" computerName="omega" duration="00:00:00.0200000" startTime="2025-10-26T08:24:35.1062342-04:00" endTime="2025-10-26T08:24:35.1065387-04:00" testType="13cdc9d9-ddb5-4fa4-a97d-d965ccfc6d4b" outcome="Passed" testListId="8c84fa94-04c1-424b-9868-57a2d4851a1d" relativeResultsDirectory="cfae8ad8-0cad-42c6-974c-f0022ed39598" />
    <UnitTestResult executionId="c787af69-af00-402f-9ea9-abf4765bb5e3" testId="e7484fb2-ea49-4e4b-a1a1-276797b84827" testName="OmegaSpiral.Tests.Integration.Ui.CreditsMenuTests.CreditsMenu_ExtendsMenuUi" computerName="omega" duration="00:00:00.0290000" startTime="2025-10-26T08:24:34.1752200-04:00" endTime="2025-10-26T08:24:34.1755829-04:00" testType="13cdc9d9-ddb5-4fa4-a97d-d965ccfc6d4b" outcome="Passed" testListId="8c84fa94-04c1-424b-9868-57a2d4851a1d" relativeResultsDirectory="c787af69-af00-402f-9ea9-abf4765bb5e3" />
    <UnitTestResult executionId="dc0a73f9-550b-49bc-9c54-965f8418aa38" testId="a997258d-5e43-490c-b3cd-da38fdb21bfc" testName="OmegaSpiral.Tests.Integration.Ui.Omega.OmegaTextRendererTests.AppendTextAsync_WithDelay_DelaysBeforeStarting" computerName="omega" duration="00:00:00.5580000" startTime="2025-10-26T08:24:36.6174199-04:00" endTime="2025-10-26T08:24:36.6177530-04:00" testType="13cdc9d9-ddb5-4fa4-a97d-d965ccfc6d4b" outcome="Passed" testListId="8c84fa94-04c1-424b-9868-57a2d4851a1d" relativeResultsDirectory="dc0a73f9-550b-49bc-9c54-965f8418aa38" />
    <UnitTestResult executionId="7543fcd8-4385-4e7a-bec8-a9e61989c5eb" testId="7bbbf755-18be-4e96-bb31-291845e93831" testName="[After].QuitButton_HasPressedSignalHandler" computerName="omega" startTime="2025-10-26T08:24:35.0016263-04:00" endTime="2025-10-26T08:24:35.0016279-04:00" testType="13cdc9d9-ddb5-4fa4-a97d-d965ccfc6d4b" outcome="Passed" testListId="8c84fa94-04c1-424b-9868-57a2d4851a1d" relativeResultsDirectory="7543fcd8-4385-4e7a-bec8-a9e61989c5eb">
      <Output>
        <StdErr>Warning:
    Detected &lt;42&gt; orphan nodes during test suite setup stage!
    Check Setup:28 and Cleanup:36 for unfreed instances!</StdErr>
        <ErrorInfo>
          <Message>Warning:
    Detected &lt;42&gt; orphan nodes during test suite setup stage!
    Check Setup:28 and Cleanup:36 for unfreed instances!</Message>
        </ErrorInfo>
      </Output>
    </UnitTestResult>
    <UnitTestResult executionId="2e1ba74f-1898-43aa-b17f-ea705764295e" testId="5a657236-a32b-480e-ba18-24f691b76e90" testName="OmegaSpiral.Tests.Integration.SceneLoadingAndViewportTests.Scene_HasValidDimensions" computerName="omega" duration="00:00:00.0260000" startTime="2025-10-26T08:24:34.0757330-04:00" endTime="2025-10-26T08:24:34.0762107-04:00" testType="13cdc9d9-ddb5-4fa4-a97d-d965ccfc6d4b" outcome="Failed" testListId="8c84fa94-04c1-424b-9868-57a2d4851a1d" relativeResultsDirectory="2e1ba74f-1898-43aa-b17f-ea705764295e">
      <Output>
        <ErrorInfo>
          <Message>Object reference not set to an instance of an object.</Message>
          <StackTrace>   at OmegaSpiral.Tests.Integration.SceneLoadingAndViewportTests.Scene_HasValidDimensions() in /home/adam/Dev/omega-spiral/chapter-zero/tests/integration/SceneLoadingAndViewportTests.cs:line 183
   at System.RuntimeMethodHandle.InvokeMethod(ObjectHandleOnStack target, Void** arguments, ObjectHandleOnStack sig, BOOL isConstructor, ObjectHandleOnStack result)
   at System.RuntimeMethodHandle.InvokeMethod(ObjectHandleOnStack target, Void** arguments, ObjectHandleOnStack sig, BOOL isConstructor, ObjectHandleOnStack result)
   at System.Reflection.MethodBaseInvoker.InterpretedInvoke_Method(Object obj, IntPtr* args)
   at System.Reflection.RuntimeMethodInfo.Invoke(Object obj, BindingFlags invokeAttr, Binder binder, Object[] parameters, CultureInfo culture)
</StackTrace>
        </ErrorInfo>
      </Output>
    </UnitTestResult>
[...]
:: ERROR: res://source/ui/omega/omega_ui.tscn:17 - Parse Error: [ext_resource] referenced non-existent resource at: res://source/ui/omega/omega_ui.theme.tres.
:: at: _printerr (scene/resources/resource_format_text.cpp:40)
:: C# backtrace (most recent call first):
:: [0] Godot.GodotObject Godot.NativeCalls.godot_icall_3_761(nint, nint, string, string, int) (/root/godot/modules/mono/glue/GodotSharp/GodotSharp/Generated/NativeCalls.cs:6854)
:: [1] Godot.Resource Godot.ResourceLoader.Load(string, string, Godot.ResourceLoader+CacheMode) (/root/godot/modules/mono/glue/GodotSharp/GodotSharp/Generated/GodotObjects/ResourceLoader.cs:120)
:: [2] Godot.Node GdUnit4.Core.SceneRunner.LoadScene(string)
:: [3] GdUnit4.Core.SceneRunner..ctor(string, bool, bool)
:: [4] GdUnit4.ISceneRunner GdUnit4.ISceneRunner.Load(string, bool, bool)
:: [5] void OmegaSpiral.Tests.Integration.Ui.OmegaUi_IntegrationTests+&lt;SceneInitialization_EmitsInitializationCompletedSignal&gt;d__2.MoveNext() (/home/adam/Dev/omega-spiral/chapter-zero/tests/unit/OmegaUI_UnitTests.cs:37)
:: [6] void System.Runtime.CompilerServices.AsyncTaskMethodBuilder.Start&lt;TStateMachine&gt;(TStateMachine&amp;)
:: [7] System.Threading.Tasks.Task OmegaSpiral.Tests.Integration.Ui.OmegaUi_IntegrationTests.SceneInitialization_EmitsInitializationCompletedSignal()
:: [8] void System.RuntimeMethodHandle.InvokeMethod(System.Runtime.CompilerServices.ObjectHandleOnStack, System.Void**, System.Runtime.CompilerServices.ObjectHandleOnStack, Interop+BOOL, System.Runtime.CompilerServices.ObjectHandleOnStack)
:: [9] void System.RuntimeMethodHandle.InvokeMethod(System.Runtime.CompilerServices.ObjectHandleOnStack, System.Void**, System.Runtime.CompilerServices.ObjectHandleOnStack, Interop+BOOL, System.Runtime.CompilerServices.ObjectHandleOnStack)
:: [10] object System.Reflection.MethodBaseInvoker.InterpretedInvoke_Method(object, System.IntPtr*)
:: [11] object System.Reflection.RuntimeMethodInfo.Invoke(object, System.Reflection.BindingFlags, System.Reflection.Binder, System.Object[], System.Globalization.CultureInfo)
:: [12] void GdUnit4.Core.Execution.ExecutionStage`1+&lt;ExecuteStage&gt;d__37.MoveNext()
:: [13] void System.Runtime.CompilerServices.AsyncTaskMethodBuilder.Start&lt;TStateMachine&gt;(TStateMachine&amp;)
:: [14] System.Threading.Tasks.Task GdUnit4.Core.Execution.ExecutionStage`1.ExecuteStage(GdUnit4.Core.Execution.ExecutionContext)
:: [15] void GdUnit4.Core.Execution.ExecutionStage`1+&lt;Execute&gt;d__30.MoveNext()
:: [16] void System.Runtime.CompilerServices.AsyncTaskMethodBuilder.Start&lt;TStateMachine&gt;(TStateMachine&amp;)
:: [17] System.Threading.Tasks.Task GdUnit4.Core.Execution.ExecutionStage`1.Execute(GdUnit4.Core.Execution.ExecutionContext)
:: [18] System.Threading.Tasks.Task GdUnit4.Core.Execution.TestCaseExecutionStage.&lt;&gt;n__0(GdUnit4.Core.Execution.ExecutionContext)
:: [19] void GdUnit4.Core.Execution.TestCaseExecutionStage+&lt;Execute&gt;d__1.MoveNext()
:: [20] void System.Runtime.CompilerServices.AsyncTaskMethodBuilder.Start&lt;TStateMachine&gt;(TStateMachine&amp;)
:: [21] System.Threading.Tasks.Task GdUnit4.Core.Execution.TestCaseExecutionStage.Execute(GdUnit4.Core.Execution.ExecutionContext)
:: [22] void GdUnit4.Core.Execution.TestSuiteExecutionStage+&lt;RunTestCase&gt;d__15.MoveNext()
:: [23] void System.Threading.ExecutionContext.RunInternal(System.Threading.ExecutionContext, System.Threading.ContextCallback, object)
:: [24] void System.Runtime.CompilerServices.AsyncTaskMethodBuilder`1+AsyncStateMachineBox`1.MoveNext(System.Threading.Thread)
:: [25] void System.Threading.Tasks.AwaitTaskContinuation.RunCallback(System.Threading.ContextCallback, object, System.Threading.Tasks.Task&amp;)
:: [26] void System.Threading.Tasks.Task.RunContinuations(object)
:: [27] void System.Runtime.CompilerServices.AsyncTaskMethodBuilder.SetResult()
:: [28] void GdUnit4.Core.Execution.BeforeTestExecutionStage+&lt;Execute&gt;d__1.MoveNext()
:: [29] void System.Threading.ExecutionContext.RunInternal(System.Threading.ExecutionContext, System.Threading.ContextCallback, object)
:: [30] void System.Runtime.CompilerServices.AsyncTaskMethodBuilder`1+AsyncStateMachineBox`1.MoveNext(System.Threading.Thread)
:: [31] void System.Threading.Tasks.AwaitTaskContinuation.RunCallback(System.Threading.ContextCallback, object, System.Threading.Tasks.Task&amp;)
:: [32] void System.Threading.Tasks.Task.RunContinuations(object)
:: [33] void System.Runtime.CompilerServices.AsyncTaskMethodBuilder.SetResult()
:: [34] void GdUnit4.Core.Execution.ExecutionStage`1+&lt;Execute&gt;d__30.MoveNext()
:: [35] void System.Threading.ExecutionContext.RunInternal(System.Threading.ExecutionContext, System.Threading.ContextCallback, object)
:: [36] void System.Runtime.CompilerServices.AsyncTaskMethodBuilder`1+AsyncStateMachineBox`1.MoveNext(System.Threading.Thread)
:: [37] void Godot.GodotSynchronizationContext.ExecutePendingContinuations() (/root/godot/modules/mono/glue/GodotSharp/GodotSharp/Core/GodotSynchronizationContext.cs:51)
:: [38] void Godot.GodotTaskScheduler.Activate() (/root/godot/modules/mono/glue/GodotSharp/GodotSharp/Core/GodotTaskScheduler.cs:76)
:: [39] void Godot.Bridge.ScriptManagerBridge.FrameCallback() (/root/godot/modules/mono/glue/GodotSharp/GodotSharp/Core/Bridge/ScriptManagerBridge.cs:84)
    === [OmegaUi] Starting initialization ===
    [OmegaUi] Phase 1: Caching required nodes
    [OmegaUi] Caching required nodes...
    [OmegaUi] Node cache results: TextDisplay=True, Phosphor=True, Scanline=True, Glitch=True
    [OmegaUi] PhosphorLayer color set to (1, 1, 1, 0.18)
    [OmegaUi] ScanlineLayer color set to (1, 1, 1, 0.12)
    [OmegaUi] GlitchLayer color set to (1, 1, 1, 0.08)
    [OmegaUi] Node caching complete
    [OmegaUi] Phase 1 complete: NodesCached
    [OmegaUi] Phase 2: Creating BorderFrame
    [OmegaUi] Phase 2: CreateBorderFrame starting
    [OmegaUi] Creating BorderFrame programmatically
    [OmegaUi] BorderFrame created successfully
    [OmegaUi] Phase 2 complete: BorderFrameCreated
    [OmegaUi] Phase 3: Creating components
    [OmegaUi] Phase 3 complete: ComponentsCreated
    [OmegaUi] Phase 4: Initializing component states
    [OmegaUi] Phase 4 complete: Initialized
    === [OmegaUi] Initialization SUCCESS ===
    === [OmegaUi] Starting initialization ===
    [OmegaUi] Phase 1: Caching required nodes
    [OmegaUi] Caching required nodes...
    [OmegaUi] Node cache results: TextDisplay=True, Phosphor=True, Scanline=True, Glitch=True
    [OmegaUi] PhosphorLayer color set to (1, 1, 1, 0.18)
    [OmegaUi] ScanlineLayer color set to (1, 1, 1, 0.12)
    [OmegaUi] GlitchLayer color set to (1, 1, 1, 0.08)
    [OmegaUi] Node caching complete
    [OmegaUi] Phase 1 complete: NodesCached
    [OmegaUi] Phase 2: Creating BorderFrame
    [OmegaUi] Phase 2: CreateBorderFrame starting
    [OmegaUi] Creating BorderFrame programmatically
    [OmegaUi] BorderFrame created successfully
    [OmegaUi] Phase 2 complete: BorderFrameCreated
    [OmegaUi] Phase 3: Creating components
    [OmegaUi] Phase 3 complete: ComponentsCreated
    [OmegaUi] Phase 4: Initializing component states
    [OmegaUi] Phase 4 complete: Initialized
    === [OmegaUi] Initialization SUCCESS ===
    === [OmegaUi] Starting initialization ===
    [OmegaUi] Phase 1: Caching required nodes
    [OmegaUi] Caching required nodes...
    [OmegaUi] Node cache results: TextDisplay=True, Phosphor=True, Scanline=True, Glitch=True
    [OmegaUi] PhosphorLayer color set to (1, 1, 1, 0.18)
    [OmegaUi] ScanlineLayer color set to (1, 1, 1, 0.12)
    [OmegaUi] GlitchLayer color set to (1, 1, 1, 0.08)
    [OmegaUi] Node caching complete
    [OmegaUi] Phase 1 complete: NodesCached
    [OmegaUi] Phase 2: Creating BorderFrame
    [OmegaUi] Phase 2: CreateBorderFrame starting
    [OmegaUi] Creating BorderFrame programmatically
    [OmegaUi] BorderFrame created successfully
    [OmegaUi] Phase 2 complete: BorderFrameCreated
    [OmegaUi] Phase 3: Creating components
    [OmegaUi] Phase 3 complete: ComponentsCreated
    [OmegaUi] Phase 4: Initializing component states
    [OmegaUi] Phase 4 complete: Initialized
    === [OmegaUi] Initialization SUCCESS ===
</StdOut>
    </Output>
    <RunInfos>
      <RunInfo computerName="omega" outcome="Error" timestamp="2025-10-26T08:24:28.4262117-04:00">
        <Text>Expecting do emitting signal:
    "AffinityScoreUpdated(&lt;Empty&gt;)"
 by
    &lt;OmegaSpiral.Source.Scripts.GameStateSignals&gt; (objId: 62209918712)</Text>
      </RunInfo>
      <RunInfo computerName="omega" outcome="Error" timestamp="2025-10-26T08:24:29.4838148-04:00">
        <Text>Expecting do emitting signal:
    "PlayerProgressionChanged(&lt;Empty&gt;)"
 by
    &lt;OmegaSpiral.Source.Scripts.GameStateSignals&gt; (objId: 62377690872)</Text>
      </RunInfo>
      <RunInfo computerName="omega" outcome="Error" timestamp="2025-10-26T08:24:30.5709764-04:00">
        <Text>Expecting do emitting signal:
    "InventoryUpdated(&lt;Empty&gt;)"
 by
    &lt;OmegaSpiral.Source.Scripts.GameStateSignals&gt; (objId: 62511908600)</Text>
      </RunInfo>
      <RunInfo computerName="omega" outcome="Error" timestamp="2025-10-26T08:24:31.6438121-04:00">
        <Text>Expecting do emitting signal:
    "CharacterPartyChanged(&lt;Empty&gt;)"
 by
    &lt;OmegaSpiral.Source.Scripts.GameStateSignals&gt; (objId: 62646126328)</Text>
      </RunInfo>
      <RunInfo computerName="omega" outcome="Error" timestamp="2025-10-26T08:24:32.6919686-04:00">
        <Text>Expecting do emitting signal:
    "DreamweaverInfluenceChanged(&lt;Empty&gt;)"
 by
    &lt;OmegaSpiral.Source.Scripts.GameStateSignals&gt; (objId: 62780344056)</Text>
      </RunInfo>
      <RunInfo computerName="omega" outcome="Warning" timestamp="2025-10-26T08:24:33.2772163-04:00">
        <Text>Warning:
    Detected &lt;2&gt; orphan nodes during test execution!</Text>
      </RunInfo>
      <RunInfo computerName="omega" outcome="Warning" timestamp="2025-10-26T08:24:33.9869998-04:00">
        <Text>Warning:
    Detected &lt;1&gt; orphan nodes during test execution!</Text>
      </RunInfo>
      <RunInfo computerName="omega" outcome="Error" timestamp="2025-10-26T08:24:34.0078493-04:00">
        <Text>Object reference not set to an instance of an object.</Text>
      </RunInfo>
      <RunInfo computerName="omega" outcome="Error" timestamp="2025-10-26T08:24:34.0283044-04:00">
        <Text>Expecting be NOT &lt;Null&gt;:</Text>
      </RunInfo>
      <RunInfo computerName="omega" outcome="Error" timestamp="2025-10-26T08:24:34.0527197-04:00">
        <Text>Object reference not set to an instance of an object.</Text>
      </RunInfo>
      <RunInfo computerName="omega" outcome="Error" timestamp="2025-10-26T08:24:34.0773888-04:00">
        <Text>Object reference not set to an instance of an object.</Text>
      </RunInfo>
      <RunInfo computerName="omega" outcome="Error" timestamp="2025-10-26T08:24:34.2111646-04:00">
        <Text>Expecting be NOT &lt;Null&gt;:</Text>
      </RunInfo>
      <RunInfo computerName="omega" outcome="Error" timestamp="2025-10-26T08:24:34.2486224-04:00">
        <Text>Expecting be NOT &lt;Null&gt;:</Text>
      </RunInfo>
      <RunInfo computerName="omega" outcome="Error" timestamp="2025-10-26T08:24:34.2593150-04:00">
        <Text>Expecting be NOT &lt;Null&gt;:</Text>
      </RunInfo>
      <RunInfo computerName="omega" outcome="Error" timestamp="2025-10-26T08:24:34.2875546-04:00">
        <Text>Expecting be NOT &lt;Null&gt;:</Text>
      </RunInfo>
      <RunInfo computerName="omega" outcome="Error" timestamp="2025-10-26T08:24:34.3006212-04:00">
        <Text>Expecting be NOT &lt;Null&gt;:</Text>
      </RunInfo>
      <RunInfo computerName="omega" outcome="Warning" timestamp="2025-10-26T08:24:34.9914447-04:00">
        <Text>Warning:
    Detected &lt;42&gt; orphan nodes during test suite setup stage!
    Check Setup:28 and Cleanup:36 for unfreed instances!</Text>
      </RunInfo>
      <RunInfo computerName="omega" outcome="Warning" timestamp="2025-10-26T08:24:34.9917954-04:00">
        <Text>Warning:
    Detected &lt;42&gt; orphan nodes during test suite setup stage!
    Check Setup:28 and Cleanup:36 for unfreed instances!</Text>
      </RunInfo>
      <RunInfo computerName="omega" outcome="Warning" timestamp="2025-10-26T08:24:34.9920637-04:00">
        <Text>Warning:
    Detected &lt;42&gt; orphan nodes during test suite setup stage!
    Check Setup:28 and Cleanup:36 for unfreed instances!</Text>
      </RunInfo>
      <RunInfo computerName="omega" outcome="Warning" timestamp="2025-10-26T08:24:34.9923080-04:00">
        <Text>Warning:
    Detected &lt;42&gt; orphan nodes during test suite setup stage!
    Check Setup:28 and Cleanup:36 for unfreed instances!</Text>
      </RunInfo>
      <RunInfo computerName="omega" outcome="Warning" timestamp="2025-10-26T08:24:34.9925362-04:00">
        <Text>Warning:
    Detected &lt;42&gt; orphan nodes during test suite setup stage!
    Check Setup:28 and Cleanup:36 for unfreed instances!</Text>
      </RunInfo>
      <RunInfo computerName="omega" outcome="Warning" timestamp="2025-10-26T08:24:34.9942860-04:00">
        <Text>Warning:
    Detected &lt;42&gt; orphan nodes during test suite setup stage!
    Check Setup:28 and Cleanup:36 for unfreed instances!</Text>
      </RunInfo>
      <RunInfo computerName="omega" outcome="Warning" timestamp="2025-10-26T08:24:34.9943078-04:00">
        <Text>Warning:
    Detected &lt;42&gt; orphan nodes during test suite setup stage!
    Check Setup:28 and Cleanup:36 for unfreed instances!</Text>
      </RunInfo>
      <RunInfo computerName="omega" outcome="Warning" timestamp="2025-10-26T08:24:34.9943273-04:00">
        <Text>Warning:
    Detected &lt;42&gt; orphan nodes during test suite setup stage!
    Check Setup:28 and Cleanup:36 for unfreed instances!</Text>
      </RunInfo>
      <RunInfo computerName="omega" outcome="Warning" timestamp="2025-10-26T08:24:34.9943489-04:00">
        <Text>Warning:
    Detected &lt;42&gt; orphan nodes during test suite setup stage!
    Check Setup:28 and Cleanup:36 for unfreed instances!</Text>
      </RunInfo>
      <RunInfo computerName="omega" outcome="Warning" timestamp="2025-10-26T08:24:34.9943736-04:00">
        <Text>Warning:
    Detected &lt;42&gt; orphan nodes during test suite setup stage!
    Check Setup:28 and Cleanup:36 for unfreed instances!</Text>
      </RunInfo>
      <RunInfo computerName="omega" outcome="Warning" timestamp="2025-10-26T08:24:34.9945218-04:00">
        <Text>Warning:
    Detected &lt;42&gt; orphan nodes during test suite setup stage!
    Check Setup:28 and Cleanup:36 for unfreed instances!</Text>
      </RunInfo>
      <RunInfo computerName="omega" outcome="Warning" timestamp="2025-10-26T08:24:34.9948511-04:00">
        <Text>Warning:
    Detected &lt;42&gt; orphan nodes during test suite setup stage!
    Check Setup:28 and Cleanup:36 for unfreed instances!</Text>
      </RunInfo>
      <RunInfo computerName="omega" outcome="Warning" timestamp="2025-10-26T08:24:34.9950817-04:00">
        <Text>Warning:
    Detected &lt;42&gt; orphan nodes during test suite setup stage!
    Check Setup:28 and Cleanup:36 for unfreed instances!</Text>
      </RunInfo>
      <RunInfo computerName="omega" outcome="Warning" timestamp="2025-10-26T08:24:34.9953384-04:00">
        <Text>Warning:
    Detected &lt;42&gt; orphan nodes during test suite setup stage!
    Check Setup:28 and Cleanup:36 for unfreed instances!</Text>
      </RunInfo>
      <RunInfo computerName="omega" outcome="Warning" timestamp="2025-10-26T08:24:34.9967171-04:00">
        <Text>Warning:
    Detected &lt;42&gt; orphan nodes during test suite setup stage!
    Check Setup:28 and Cleanup:36 for unfreed instances!</Text>
      </RunInfo>
      <RunInfo computerName="omega" outcome="Warning" timestamp="2025-10-26T08:24:34.9967246-04:00">
        <Text>Warning:
    Detected &lt;42&gt; orphan nodes during test suite setup stage!
    Check Setup:28 and Cleanup:36 for unfreed instances!</Text>
      </RunInfo>
      <RunInfo computerName="omega" outcome="Warning" timestamp="2025-10-26T08:24:34.9967289-04:00">
        <Text>Warning:
    Detected &lt;42&gt; orphan nodes during test suite setup stage!
    Check Setup:28 and Cleanup:36 for unfreed instances!</Text>
      </RunInfo>
      <RunInfo computerName="omega" outcome="Warning" timestamp="2025-10-26T08:24:34.9973560-04:00">
        <Text>Warning:
    Detected &lt;42&gt; orphan nodes during test suite setup stage!
    Check Setup:28 and Cleanup:36 for unfreed instances!</Text>
      </RunInfo>
      <RunInfo computerName="omega" outcome="Warning" timestamp="2025-10-26T08:24:34.9974689-04:00">
        <Text>Warning:
    Detected &lt;42&gt; orphan nodes during test suite setup stage!
    Check Setup:28 and Cleanup:36 for unfreed instances!</Text>
      </RunInfo>
      <RunInfo computerName="omega" outcome="Warning" timestamp="2025-10-26T08:24:34.9979007-04:00">
        <Text>Warning:
    Detected &lt;42&gt; orphan nodes during test suite setup stage!
    Check Setup:28 and Cleanup:36 for unfreed instances!</Text>
      </RunInfo>
      <RunInfo computerName="omega" outcome="Warning" timestamp="2025-10-26T08:24:34.9981732-04:00">
        <Text>Warning:
    Detected &lt;42&gt; orphan nodes during test suite setup stage!
    Check Setup:28 and Cleanup:36 for unfreed instances!</Text>
      </RunInfo>
      <RunInfo computerName="omega" outcome="Warning" timestamp="2025-10-26T08:24:34.9990045-04:00">
        <Text>Warning:
    Detected &lt;42&gt; orphan nodes during test suite setup stage!
    Check Setup:28 and Cleanup:36 for unfreed instances!</Text>
      </RunInfo>
      <RunInfo computerName="omega" outcome="Warning" timestamp="2025-10-26T08:24:35.0006547-04:00">
        <Text>Warning:
    Detected &lt;42&gt; orphan nodes during test suite setup stage!
    Check Setup:28 and Cleanup:36 for unfreed instances!</Text>
      </RunInfo>
      <RunInfo computerName="omega" outcome="Warning" timestamp="2025-10-26T08:24:35.0019613-04:00">
        <Text>Warning:
    Detected &lt;42&gt; orphan nodes during test suite setup stage!
    Check Setup:28 and Cleanup:36 for unfreed instances!</Text>
      </RunInfo>
      <RunInfo computerName="omega" outcome="Warning" timestamp="2025-10-26T08:24:35.0019896-04:00">
        <Text>Warning:
    Detected &lt;42&gt; orphan nodes during test suite setup stage!
    Check Setup:28 and Cleanup:36 for unfreed instances!</Text>
      </RunInfo>
      <RunInfo computerName="omega" outcome="Warning" timestamp="2025-10-26T08:24:35.0022425-04:00">
        <Text>Warning:
    Detected &lt;42&gt; orphan nodes during test suite setup stage!
    Check Setup:28 and Cleanup:36 for unfreed instances!</Text>
      </RunInfo>
      <RunInfo computerName="omega" outcome="Warning" timestamp="2025-10-26T08:24:35.0026197-04:00">
        <Text>Warning:
    Detected &lt;42&gt; orphan nodes during test suite setup stage!
    Check Setup:28 and Cleanup:36 for unfreed instances!</Text>
      </RunInfo>
      <RunInfo computerName="omega" outcome="Error" timestamp="2025-10-26T08:24:35.0863345-04:00">
        <Text>Expecting be NOT &lt;Null&gt;:</Text>
      </RunInfo>
      <RunInfo computerName="omega" outcome="Error" timestamp="2025-10-26T08:24:35.1898255-04:00">
        <Text>Object reference not set to an instance of an object.</Text>
      </RunInfo>
      <RunInfo computerName="omega" outcome="Error" timestamp="2025-10-26T08:24:35.2105292-04:00">
        <Text>Expecting be equal:
    &lt;Godot.Button&gt; (objId: 69659002760) but is &lt;Null&gt;</Text>
      </RunInfo>
      <RunInfo computerName="omega" outcome="Error" timestamp="2025-10-26T08:54:06.4859875-04:00">
        <Text>Aborting test run: test run timeout of 1800000 milliseconds exceeded.</Text>
      </RunInfo>
    </RunInfos>
  </ResultSummary>
</TestRun>